{"/Users/philip/Documents/GitHub/Fooda/controllers/eventController.mjs": {"path":"/Users/philip/Documents/GitHub/Fooda/controllers/eventController.mjs","all":false,"statementMap":{"0":{"start":{"line":1,"column":0},"end":{"line":1,"column":85}},"1":{"start":{"line":2,"column":0},"end":{"line":2,"column":68}},"2":{"start":{"line":3,"column":0},"end":{"line":3,"column":67}},"3":{"start":{"line":4,"column":0},"end":{"line":4,"column":64}},"4":{"start":{"line":5,"column":0},"end":{"line":5,"column":0}},"5":{"start":{"line":6,"column":0},"end":{"line":6,"column":0}},"6":{"start":{"line":7,"column":0},"end":{"line":7,"column":46}},"7":{"start":{"line":8,"column":0},"end":{"line":8,"column":107}},"8":{"start":{"line":9,"column":0},"end":{"line":9,"column":57}},"9":{"start":{"line":10,"column":0},"end":{"line":10,"column":5}},"10":{"start":{"line":11,"column":0},"end":{"line":11,"column":0}},"11":{"start":{"line":12,"column":0},"end":{"line":12,"column":32}},"12":{"start":{"line":13,"column":0},"end":{"line":13,"column":28}},"13":{"start":{"line":14,"column":0},"end":{"line":14,"column":9}},"14":{"start":{"line":15,"column":0},"end":{"line":15,"column":34}},"15":{"start":{"line":16,"column":0},"end":{"line":16,"column":30}},"16":{"start":{"line":17,"column":0},"end":{"line":17,"column":0}},"17":{"start":{"line":18,"column":0},"end":{"line":18,"column":27}},"18":{"start":{"line":19,"column":0},"end":{"line":19,"column":59}},"19":{"start":{"line":20,"column":0},"end":{"line":20,"column":0}},"20":{"start":{"line":21,"column":0},"end":{"line":21,"column":0}},"21":{"start":{"line":22,"column":0},"end":{"line":22,"column":26}},"22":{"start":{"line":23,"column":0},"end":{"line":23,"column":54}},"23":{"start":{"line":24,"column":0},"end":{"line":24,"column":0}},"24":{"start":{"line":25,"column":0},"end":{"line":25,"column":25}},"25":{"start":{"line":26,"column":0},"end":{"line":26,"column":69}},"26":{"start":{"line":27,"column":0},"end":{"line":27,"column":0}},"27":{"start":{"line":28,"column":0},"end":{"line":28,"column":55}},"28":{"start":{"line":29,"column":0},"end":{"line":29,"column":42}},"29":{"start":{"line":30,"column":0},"end":{"line":30,"column":80}},"30":{"start":{"line":31,"column":0},"end":{"line":31,"column":64}},"31":{"start":{"line":32,"column":0},"end":{"line":32,"column":13}},"32":{"start":{"line":33,"column":0},"end":{"line":33,"column":11}},"33":{"start":{"line":34,"column":0},"end":{"line":34,"column":41}},"34":{"start":{"line":35,"column":0},"end":{"line":35,"column":88}},"35":{"start":{"line":36,"column":0},"end":{"line":36,"column":32}},"36":{"start":{"line":37,"column":0},"end":{"line":37,"column":63}},"37":{"start":{"line":38,"column":0},"end":{"line":38,"column":0}},"38":{"start":{"line":39,"column":0},"end":{"line":39,"column":0}},"39":{"start":{"line":40,"column":0},"end":{"line":40,"column":102}},"40":{"start":{"line":41,"column":0},"end":{"line":41,"column":74}},"41":{"start":{"line":42,"column":0},"end":{"line":42,"column":34}},"42":{"start":{"line":43,"column":0},"end":{"line":43,"column":39}},"43":{"start":{"line":44,"column":0},"end":{"line":44,"column":45}},"44":{"start":{"line":45,"column":0},"end":{"line":45,"column":46}},"45":{"start":{"line":46,"column":0},"end":{"line":46,"column":80}},"46":{"start":{"line":47,"column":0},"end":{"line":47,"column":13}},"47":{"start":{"line":48,"column":0},"end":{"line":48,"column":74}},"48":{"start":{"line":49,"column":0},"end":{"line":49,"column":55}},"49":{"start":{"line":50,"column":0},"end":{"line":50,"column":11}},"50":{"start":{"line":51,"column":0},"end":{"line":51,"column":46}},"51":{"start":{"line":52,"column":0},"end":{"line":52,"column":50}},"52":{"start":{"line":53,"column":0},"end":{"line":53,"column":60}},"53":{"start":{"line":54,"column":0},"end":{"line":54,"column":60}},"54":{"start":{"line":55,"column":0},"end":{"line":55,"column":102}},"55":{"start":{"line":56,"column":0},"end":{"line":56,"column":13}},"56":{"start":{"line":57,"column":0},"end":{"line":57,"column":9}},"57":{"start":{"line":58,"column":0},"end":{"line":58,"column":0}},"58":{"start":{"line":59,"column":0},"end":{"line":59,"column":90}},"59":{"start":{"line":60,"column":0},"end":{"line":60,"column":0}},"60":{"start":{"line":61,"column":0},"end":{"line":61,"column":48}},"61":{"start":{"line":62,"column":0},"end":{"line":62,"column":50}},"62":{"start":{"line":63,"column":0},"end":{"line":63,"column":45}},"63":{"start":{"line":64,"column":0},"end":{"line":64,"column":80}},"64":{"start":{"line":65,"column":0},"end":{"line":65,"column":84}},"65":{"start":{"line":66,"column":0},"end":{"line":66,"column":76}},"66":{"start":{"line":67,"column":0},"end":{"line":67,"column":20}},"67":{"start":{"line":68,"column":0},"end":{"line":68,"column":42}},"68":{"start":{"line":69,"column":0},"end":{"line":69,"column":44}},"69":{"start":{"line":70,"column":0},"end":{"line":70,"column":40}},"70":{"start":{"line":71,"column":0},"end":{"line":71,"column":13}},"71":{"start":{"line":72,"column":0},"end":{"line":72,"column":9}},"72":{"start":{"line":73,"column":0},"end":{"line":73,"column":0}},"73":{"start":{"line":74,"column":0},"end":{"line":74,"column":42}},"74":{"start":{"line":75,"column":0},"end":{"line":75,"column":39}},"75":{"start":{"line":76,"column":0},"end":{"line":76,"column":83}},"76":{"start":{"line":77,"column":0},"end":{"line":77,"column":11}},"77":{"start":{"line":78,"column":0},"end":{"line":78,"column":8}},"78":{"start":{"line":79,"column":0},"end":{"line":79,"column":21}},"79":{"start":{"line":80,"column":0},"end":{"line":80,"column":56}},"80":{"start":{"line":81,"column":0},"end":{"line":81,"column":20}},"81":{"start":{"line":82,"column":0},"end":{"line":82,"column":15}},"82":{"start":{"line":83,"column":0},"end":{"line":83,"column":32}},"83":{"start":{"line":84,"column":0},"end":{"line":84,"column":5}},"84":{"start":{"line":85,"column":0},"end":{"line":85,"column":36}},"85":{"start":{"line":86,"column":0},"end":{"line":86,"column":26}},"86":{"start":{"line":87,"column":0},"end":{"line":87,"column":1}}},"s":{"0":1,"1":2,"2":2,"3":2,"4":2,"5":2,"6":1,"7":2,"8":1,"9":1,"10":1,"11":1,"12":1,"13":1,"14":1,"15":1,"16":1,"17":1,"18":1,"19":1,"20":1,"21":1,"22":1,"23":1,"24":1,"25":1,"26":1,"27":1,"28":1,"29":7,"30":3,"31":3,"32":1,"33":1,"34":1,"35":1,"36":1,"37":1,"38":1,"39":1,"40":1,"41":1,"42":1,"43":4,"44":4,"45":2,"46":2,"47":4,"48":4,"49":1,"50":1,"51":1,"52":2,"53":2,"54":2,"55":2,"56":2,"57":1,"58":1,"59":1,"60":1,"61":3,"62":3,"63":2,"64":2,"65":2,"66":3,"67":1,"68":1,"69":1,"70":1,"71":3,"72":1,"73":1,"74":1,"75":2,"76":1,"77":0,"78":0,"79":0,"80":1,"81":1,"82":1,"83":1,"84":1,"85":1,"86":1},"branchMap":{"0":{"type":"branch","line":2,"loc":{"start":{"line":2,"column":0},"end":{"line":2,"column":68}},"locations":[{"start":{"line":2,"column":0},"end":{"line":2,"column":68}}]},"1":{"type":"branch","line":2,"loc":{"start":{"line":2,"column":0},"end":{"line":2,"column":68}},"locations":[{"start":{"line":2,"column":0},"end":{"line":2,"column":68}}]},"2":{"type":"branch","line":2,"loc":{"start":{"line":2,"column":0},"end":{"line":2,"column":68}},"locations":[{"start":{"line":2,"column":0},"end":{"line":2,"column":68}}]},"3":{"type":"branch","line":2,"loc":{"start":{"line":2,"column":0},"end":{"line":2,"column":68}},"locations":[{"start":{"line":2,"column":0},"end":{"line":2,"column":68}}]},"4":{"type":"branch","line":2,"loc":{"start":{"line":2,"column":0},"end":{"line":2,"column":68}},"locations":[{"start":{"line":2,"column":0},"end":{"line":2,"column":68}}]},"5":{"type":"branch","line":2,"loc":{"start":{"line":2,"column":0},"end":{"line":2,"column":68}},"locations":[{"start":{"line":2,"column":0},"end":{"line":2,"column":68}}]},"6":{"type":"branch","line":2,"loc":{"start":{"line":2,"column":0},"end":{"line":2,"column":68}},"locations":[{"start":{"line":2,"column":0},"end":{"line":2,"column":68}}]},"7":{"type":"branch","line":2,"loc":{"start":{"line":2,"column":0},"end":{"line":2,"column":68}},"locations":[{"start":{"line":2,"column":0},"end":{"line":2,"column":68}}]},"8":{"type":"branch","line":2,"loc":{"start":{"line":2,"column":0},"end":{"line":2,"column":68}},"locations":[{"start":{"line":2,"column":0},"end":{"line":2,"column":68}}]},"9":{"type":"branch","line":2,"loc":{"start":{"line":2,"column":0},"end":{"line":2,"column":68}},"locations":[{"start":{"line":2,"column":0},"end":{"line":2,"column":68}}]},"10":{"type":"branch","line":2,"loc":{"start":{"line":2,"column":0},"end":{"line":2,"column":68}},"locations":[{"start":{"line":2,"column":0},"end":{"line":2,"column":68}}]},"11":{"type":"branch","line":2,"loc":{"start":{"line":2,"column":0},"end":{"line":2,"column":68}},"locations":[{"start":{"line":2,"column":0},"end":{"line":2,"column":68}}]},"12":{"type":"branch","line":2,"loc":{"start":{"line":2,"column":0},"end":{"line":2,"column":68}},"locations":[{"start":{"line":2,"column":0},"end":{"line":2,"column":68}}]},"13":{"type":"branch","line":2,"loc":{"start":{"line":2,"column":0},"end":{"line":2,"column":68}},"locations":[{"start":{"line":2,"column":0},"end":{"line":2,"column":68}}]},"14":{"type":"branch","line":2,"loc":{"start":{"line":2,"column":0},"end":{"line":2,"column":68}},"locations":[{"start":{"line":2,"column":0},"end":{"line":2,"column":68}}]},"15":{"type":"branch","line":2,"loc":{"start":{"line":2,"column":0},"end":{"line":2,"column":68}},"locations":[{"start":{"line":2,"column":0},"end":{"line":2,"column":68}}]},"16":{"type":"branch","line":2,"loc":{"start":{"line":2,"column":0},"end":{"line":2,"column":68}},"locations":[{"start":{"line":2,"column":0},"end":{"line":2,"column":68}}]},"17":{"type":"branch","line":2,"loc":{"start":{"line":2,"column":0},"end":{"line":2,"column":68}},"locations":[{"start":{"line":2,"column":0},"end":{"line":2,"column":68}}]},"18":{"type":"branch","line":2,"loc":{"start":{"line":2,"column":0},"end":{"line":7,"column":35}},"locations":[{"start":{"line":2,"column":0},"end":{"line":7,"column":35}}]},"19":{"type":"branch","line":7,"loc":{"start":{"line":7,"column":34},"end":{"line":87,"column":1}},"locations":[{"start":{"line":7,"column":34},"end":{"line":87,"column":1}}]},"20":{"type":"branch","line":7,"loc":{"start":{"line":7,"column":7},"end":{"line":86,"column":26}},"locations":[{"start":{"line":7,"column":7},"end":{"line":86,"column":26}}]},"21":{"type":"branch","line":7,"loc":{"start":{"line":7,"column":43},"end":{"line":86,"column":26}},"locations":[{"start":{"line":7,"column":43},"end":{"line":86,"column":26}}]},"22":{"type":"branch","line":7,"loc":{"start":{"line":7,"column":43},"end":{"line":86,"column":26}},"locations":[{"start":{"line":7,"column":43},"end":{"line":86,"column":26}}]},"23":{"type":"branch","line":7,"loc":{"start":{"line":7,"column":43},"end":{"line":9,"column":57}},"locations":[{"start":{"line":7,"column":43},"end":{"line":9,"column":57}}]},"24":{"type":"branch","line":8,"loc":{"start":{"line":8,"column":37},"end":{"line":8,"column":72}},"locations":[{"start":{"line":8,"column":37},"end":{"line":8,"column":72}}]},"25":{"type":"branch","line":8,"loc":{"start":{"line":8,"column":72},"end":{"line":8,"column":104}},"locations":[{"start":{"line":8,"column":72},"end":{"line":8,"column":104}}]},"26":{"type":"branch","line":8,"loc":{"start":{"line":8,"column":104},"end":{"line":9,"column":57}},"locations":[{"start":{"line":8,"column":104},"end":{"line":9,"column":57}}]},"27":{"type":"branch","line":9,"loc":{"start":{"line":9,"column":56},"end":{"line":16,"column":30}},"locations":[{"start":{"line":9,"column":56},"end":{"line":16,"column":30}}]},"28":{"type":"branch","line":16,"loc":{"start":{"line":16,"column":29},"end":{"line":19,"column":59}},"locations":[{"start":{"line":16,"column":29},"end":{"line":19,"column":59}}]},"29":{"type":"branch","line":19,"loc":{"start":{"line":19,"column":58},"end":{"line":23,"column":54}},"locations":[{"start":{"line":19,"column":58},"end":{"line":23,"column":54}}]},"30":{"type":"branch","line":23,"loc":{"start":{"line":23,"column":53},"end":{"line":26,"column":69}},"locations":[{"start":{"line":23,"column":53},"end":{"line":26,"column":69}}]},"31":{"type":"branch","line":26,"loc":{"start":{"line":26,"column":68},"end":{"line":77,"column":11}},"locations":[{"start":{"line":26,"column":68},"end":{"line":77,"column":11}}]},"32":{"type":"branch","line":52,"loc":{"start":{"line":52,"column":49},"end":{"line":57,"column":9}},"locations":[{"start":{"line":52,"column":49},"end":{"line":57,"column":9}}]},"33":{"type":"branch","line":61,"loc":{"start":{"line":61,"column":47},"end":{"line":72,"column":9}},"locations":[{"start":{"line":61,"column":47},"end":{"line":72,"column":9}}]},"34":{"type":"branch","line":63,"loc":{"start":{"line":63,"column":44},"end":{"line":67,"column":13}},"locations":[{"start":{"line":63,"column":44},"end":{"line":67,"column":13}}]},"35":{"type":"branch","line":67,"loc":{"start":{"line":67,"column":13},"end":{"line":71,"column":13}},"locations":[{"start":{"line":67,"column":13},"end":{"line":71,"column":13}}]},"36":{"type":"branch","line":74,"loc":{"start":{"line":74,"column":8},"end":{"line":74,"column":42}},"locations":[{"start":{"line":74,"column":8},"end":{"line":74,"column":42}}]},"37":{"type":"branch","line":78,"loc":{"start":{"line":78,"column":-1},"end":{"line":80,"column":56}},"locations":[{"start":{"line":78,"column":-1},"end":{"line":80,"column":56}}]},"38":{"type":"branch","line":81,"loc":{"start":{"line":81,"column":-1},"end":{"line":83,"column":32}},"locations":[{"start":{"line":81,"column":-1},"end":{"line":83,"column":32}}]},"39":{"type":"branch","line":83,"loc":{"start":{"line":83,"column":31},"end":{"line":83,"column":32}},"locations":[{"start":{"line":83,"column":31},"end":{"line":83,"column":32}}]},"40":{"type":"branch","line":83,"loc":{"start":{"line":83,"column":31},"end":{"line":86,"column":26}},"locations":[{"start":{"line":83,"column":31},"end":{"line":86,"column":26}}]},"41":{"type":"branch","line":86,"loc":{"start":{"line":86,"column":25},"end":{"line":86,"column":26}},"locations":[{"start":{"line":86,"column":25},"end":{"line":86,"column":26}}]},"42":{"type":"branch","line":86,"loc":{"start":{"line":86,"column":25},"end":{"line":86,"column":26}},"locations":[{"start":{"line":86,"column":25},"end":{"line":86,"column":26}}]},"43":{"type":"branch","line":29,"loc":{"start":{"line":29,"column":32},"end":{"line":33,"column":9}},"locations":[{"start":{"line":29,"column":32},"end":{"line":33,"column":9}}]},"44":{"type":"branch","line":30,"loc":{"start":{"line":30,"column":42},"end":{"line":30,"column":77}},"locations":[{"start":{"line":30,"column":42},"end":{"line":30,"column":77}}]},"45":{"type":"branch","line":30,"loc":{"start":{"line":30,"column":79},"end":{"line":32,"column":13}},"locations":[{"start":{"line":30,"column":79},"end":{"line":32,"column":13}}]},"46":{"type":"branch","line":35,"loc":{"start":{"line":35,"column":49},"end":{"line":35,"column":87}},"locations":[{"start":{"line":35,"column":49},"end":{"line":35,"column":87}}]},"47":{"type":"branch","line":43,"loc":{"start":{"line":43,"column":29},"end":{"line":50,"column":9}},"locations":[{"start":{"line":43,"column":29},"end":{"line":50,"column":9}}]},"48":{"type":"branch","line":45,"loc":{"start":{"line":45,"column":45},"end":{"line":47,"column":13}},"locations":[{"start":{"line":45,"column":45},"end":{"line":47,"column":13}}]},"49":{"type":"branch","line":59,"loc":{"start":{"line":59,"column":48},"end":{"line":59,"column":89}},"locations":[{"start":{"line":59,"column":48},"end":{"line":59,"column":89}}]},"50":{"type":"branch","line":75,"loc":{"start":{"line":75,"column":28},"end":{"line":77,"column":9}},"locations":[{"start":{"line":75,"column":28},"end":{"line":77,"column":9}}]},"51":{"type":"branch","line":76,"loc":{"start":{"line":76,"column":50},"end":{"line":76,"column":82}},"locations":[{"start":{"line":76,"column":50},"end":{"line":76,"column":82}}]}},"b":{"0":[1],"1":[0],"2":[0],"3":[1],"4":[4],"5":[1],"6":[0],"7":[0],"8":[0],"9":[7],"10":[1],"11":[6],"12":[1],"13":[5],"14":[1],"15":[2],"16":[2],"17":[7],"18":[2],"19":[1],"20":[2],"21":[10],"22":[12],"23":[2],"24":[1],"25":[1],"26":[1],"27":[1],"28":[1],"29":[1],"30":[1],"31":[1],"32":[2],"33":[3],"34":[2],"35":[1],"36":[0],"37":[0],"38":[1],"39":[1],"40":[1],"41":[0],"42":[2],"43":[7],"44":[3],"45":[3],"46":[7],"47":[4],"48":[2],"49":[7],"50":[2],"51":[0]},"fnMap":{"0":{"name":"_createForOfIteratorHelper","decl":{"start":{"line":2,"column":0},"end":{"line":2,"column":68}},"loc":{"start":{"line":2,"column":0},"end":{"line":2,"column":68}},"line":2},"1":{"name":"F","decl":{"start":{"line":2,"column":0},"end":{"line":2,"column":68}},"loc":{"start":{"line":2,"column":0},"end":{"line":2,"column":68}},"line":2},"2":{"name":"n","decl":{"start":{"line":2,"column":0},"end":{"line":2,"column":68}},"loc":{"start":{"line":2,"column":0},"end":{"line":2,"column":68}},"line":2},"3":{"name":"e","decl":{"start":{"line":2,"column":0},"end":{"line":2,"column":68}},"loc":{"start":{"line":2,"column":0},"end":{"line":2,"column":68}},"line":2},"4":{"name":"s","decl":{"start":{"line":2,"column":0},"end":{"line":2,"column":68}},"loc":{"start":{"line":2,"column":0},"end":{"line":2,"column":68}},"line":2},"5":{"name":"n","decl":{"start":{"line":2,"column":0},"end":{"line":2,"column":68}},"loc":{"start":{"line":2,"column":0},"end":{"line":2,"column":68}},"line":2},"6":{"name":"e","decl":{"start":{"line":2,"column":0},"end":{"line":2,"column":68}},"loc":{"start":{"line":2,"column":0},"end":{"line":2,"column":68}},"line":2},"7":{"name":"f","decl":{"start":{"line":2,"column":0},"end":{"line":2,"column":68}},"loc":{"start":{"line":2,"column":0},"end":{"line":2,"column":68}},"line":2},"8":{"name":"_unsupportedIterableToArray","decl":{"start":{"line":2,"column":0},"end":{"line":2,"column":68}},"loc":{"start":{"line":2,"column":0},"end":{"line":2,"column":68}},"line":2},"9":{"name":"_arrayLikeToArray","decl":{"start":{"line":2,"column":0},"end":{"line":2,"column":68}},"loc":{"start":{"line":2,"column":0},"end":{"line":2,"column":68}},"line":2},"10":{"name":"asyncGeneratorStep","decl":{"start":{"line":2,"column":0},"end":{"line":2,"column":68}},"loc":{"start":{"line":2,"column":0},"end":{"line":2,"column":68}},"line":2},"11":{"name":"_asyncToGenerator","decl":{"start":{"line":2,"column":0},"end":{"line":2,"column":68}},"loc":{"start":{"line":2,"column":0},"end":{"line":2,"column":68}},"line":2},"12":{"name":"_next","decl":{"start":{"line":2,"column":0},"end":{"line":2,"column":68}},"loc":{"start":{"line":2,"column":0},"end":{"line":2,"column":68}},"line":2},"13":{"name":"_throw","decl":{"start":{"line":2,"column":0},"end":{"line":2,"column":68}},"loc":{"start":{"line":2,"column":0},"end":{"line":2,"column":68}},"line":2},"14":{"name":"processEvent","decl":{"start":{"line":2,"column":0},"end":{"line":7,"column":35}},"loc":{"start":{"line":2,"column":0},"end":{"line":7,"column":35}},"line":2},"15":{"name":"_processEvent","decl":{"start":{"line":7,"column":34},"end":{"line":87,"column":1}},"loc":{"start":{"line":7,"column":34},"end":{"line":87,"column":1}},"line":7},"16":{"name":"_callee","decl":{"start":{"line":7,"column":7},"end":{"line":86,"column":26}},"loc":{"start":{"line":7,"column":7},"end":{"line":86,"column":26}},"line":7},"17":{"name":"_callee$","decl":{"start":{"line":7,"column":43},"end":{"line":86,"column":26}},"loc":{"start":{"line":7,"column":43},"end":{"line":86,"column":26}},"line":7}},"f":{"0":1,"1":0,"2":0,"3":0,"4":1,"5":4,"6":0,"7":1,"8":0,"9":0,"10":7,"11":1,"12":7,"13":0,"14":2,"15":1,"16":2,"17":10}}
,"/Users/philip/Documents/GitHub/Fooda/datalayer/account.mjs": {"path":"/Users/philip/Documents/GitHub/Fooda/datalayer/account.mjs","all":false,"statementMap":{"0":{"start":{"line":1,"column":0},"end":{"line":1,"column":42}},"1":{"start":{"line":2,"column":0},"end":{"line":2,"column":0}},"2":{"start":{"line":3,"column":0},"end":{"line":3,"column":43}},"3":{"start":{"line":4,"column":0},"end":{"line":4,"column":0}},"4":{"start":{"line":5,"column":0},"end":{"line":5,"column":90}},"5":{"start":{"line":6,"column":0},"end":{"line":6,"column":1}},"6":{"start":{"line":7,"column":0},"end":{"line":7,"column":46}},"7":{"start":{"line":8,"column":0},"end":{"line":8,"column":0}},"8":{"start":{"line":9,"column":0},"end":{"line":9,"column":64}},"9":{"start":{"line":10,"column":0},"end":{"line":10,"column":69}},"10":{"start":{"line":11,"column":0},"end":{"line":11,"column":83}},"11":{"start":{"line":12,"column":0},"end":{"line":12,"column":31}},"12":{"start":{"line":13,"column":0},"end":{"line":13,"column":1}}},"s":{"0":1,"1":1,"2":1,"3":2,"4":2,"5":2,"6":1,"7":1,"8":1,"9":1,"10":1,"11":1,"12":1},"branchMap":{"0":{"type":"branch","line":3,"loc":{"start":{"line":3,"column":7},"end":{"line":6,"column":1}},"locations":[{"start":{"line":3,"column":7},"end":{"line":6,"column":1}}]},"1":{"type":"branch","line":7,"loc":{"start":{"line":7,"column":7},"end":{"line":13,"column":1}},"locations":[{"start":{"line":7,"column":7},"end":{"line":13,"column":1}}]},"2":{"type":"branch","line":10,"loc":{"start":{"line":10,"column":36},"end":{"line":10,"column":57}},"locations":[{"start":{"line":10,"column":36},"end":{"line":10,"column":57}}]}},"b":{"0":[2],"1":[1],"2":[2]},"fnMap":{"0":{"name":"getAccounts","decl":{"start":{"line":3,"column":7},"end":{"line":6,"column":1}},"loc":{"start":{"line":3,"column":7},"end":{"line":6,"column":1}},"line":3},"1":{"name":"insertAccounts","decl":{"start":{"line":7,"column":7},"end":{"line":13,"column":1}},"loc":{"start":{"line":7,"column":7},"end":{"line":13,"column":1}},"line":7}},"f":{"0":2,"1":1}}
,"/Users/philip/Documents/GitHub/Fooda/datalayer/connection.mjs": {"path":"/Users/philip/Documents/GitHub/Fooda/datalayer/connection.mjs","all":false,"statementMap":{"0":{"start":{"line":1,"column":0},"end":{"line":1,"column":20}},"1":{"start":{"line":2,"column":0},"end":{"line":2,"column":0}},"2":{"start":{"line":3,"column":0},"end":{"line":3,"column":28}},"3":{"start":{"line":4,"column":0},"end":{"line":4,"column":54}},"4":{"start":{"line":5,"column":0},"end":{"line":5,"column":53}},"5":{"start":{"line":6,"column":0},"end":{"line":6,"column":45}},"6":{"start":{"line":7,"column":0},"end":{"line":7,"column":38}},"7":{"start":{"line":8,"column":0},"end":{"line":8,"column":37}},"8":{"start":{"line":9,"column":0},"end":{"line":9,"column":0}},"9":{"start":{"line":10,"column":0},"end":{"line":10,"column":17}},"10":{"start":{"line":11,"column":0},"end":{"line":11,"column":20}},"11":{"start":{"line":12,"column":0},"end":{"line":12,"column":24}},"12":{"start":{"line":13,"column":0},"end":{"line":13,"column":15}},"13":{"start":{"line":14,"column":0},"end":{"line":14,"column":15}},"14":{"start":{"line":15,"column":0},"end":{"line":15,"column":16}},"15":{"start":{"line":16,"column":0},"end":{"line":16,"column":4}},"16":{"start":{"line":17,"column":0},"end":{"line":17,"column":0}},"17":{"start":{"line":18,"column":0},"end":{"line":18,"column":33}},"18":{"start":{"line":19,"column":0},"end":{"line":19,"column":35}},"19":{"start":{"line":20,"column":0},"end":{"line":20,"column":0}},"20":{"start":{"line":21,"column":0},"end":{"line":21,"column":29}},"21":{"start":{"line":22,"column":0},"end":{"line":22,"column":28}},"22":{"start":{"line":23,"column":0},"end":{"line":23,"column":1}},"23":{"start":{"line":24,"column":0},"end":{"line":24,"column":0}},"24":{"start":{"line":25,"column":0},"end":{"line":25,"column":31}},"25":{"start":{"line":26,"column":0},"end":{"line":26,"column":24}},"26":{"start":{"line":27,"column":0},"end":{"line":27,"column":1}},"27":{"start":{"line":28,"column":0},"end":{"line":28,"column":0}},"28":{"start":{"line":29,"column":0},"end":{"line":29,"column":50}}},"s":{"0":1,"1":1,"2":1,"3":1,"4":1,"5":1,"6":1,"7":1,"8":1,"9":1,"10":1,"11":1,"12":1,"13":1,"14":1,"15":1,"16":1,"17":1,"18":1,"19":1,"20":1,"21":7,"22":7,"23":1,"24":1,"25":7,"26":7,"27":1,"28":1},"branchMap":{"0":{"type":"branch","line":21,"loc":{"start":{"line":21,"column":22},"end":{"line":23,"column":1}},"locations":[{"start":{"line":21,"column":22},"end":{"line":23,"column":1}}]},"1":{"type":"branch","line":25,"loc":{"start":{"line":25,"column":24},"end":{"line":27,"column":1}},"locations":[{"start":{"line":25,"column":24},"end":{"line":27,"column":1}}]}},"b":{"0":[7],"1":[7]},"fnMap":{"0":{"name":"openConnecton","decl":{"start":{"line":21,"column":22},"end":{"line":23,"column":1}},"loc":{"start":{"line":21,"column":22},"end":{"line":23,"column":1}},"line":21},"1":{"name":"closeConnection","decl":{"start":{"line":25,"column":24},"end":{"line":27,"column":1}},"loc":{"start":{"line":25,"column":24},"end":{"line":27,"column":1}},"line":25}},"f":{"0":7,"1":7}}
,"/Users/philip/Documents/GitHub/Fooda/datalayer/order.mjs": {"path":"/Users/philip/Documents/GitHub/Fooda/datalayer/order.mjs","all":false,"statementMap":{"0":{"start":{"line":1,"column":0},"end":{"line":1,"column":42}},"1":{"start":{"line":2,"column":0},"end":{"line":2,"column":0}},"2":{"start":{"line":3,"column":0},"end":{"line":3,"column":44}},"3":{"start":{"line":4,"column":0},"end":{"line":4,"column":0}},"4":{"start":{"line":5,"column":0},"end":{"line":5,"column":28}},"5":{"start":{"line":6,"column":0},"end":{"line":6,"column":19}},"6":{"start":{"line":7,"column":0},"end":{"line":7,"column":45}},"7":{"start":{"line":8,"column":0},"end":{"line":8,"column":59}},"8":{"start":{"line":9,"column":0},"end":{"line":9,"column":78}},"9":{"start":{"line":10,"column":0},"end":{"line":10,"column":0}},"10":{"start":{"line":11,"column":0},"end":{"line":11,"column":132}},"11":{"start":{"line":12,"column":0},"end":{"line":12,"column":56}},"12":{"start":{"line":13,"column":0},"end":{"line":13,"column":88}},"13":{"start":{"line":14,"column":0},"end":{"line":14,"column":101}},"14":{"start":{"line":15,"column":0},"end":{"line":15,"column":0}},"15":{"start":{"line":16,"column":0},"end":{"line":16,"column":31}},"16":{"start":{"line":17,"column":0},"end":{"line":17,"column":1}}},"s":{"0":1,"1":2,"2":1,"3":3,"4":3,"5":3,"6":3,"7":3,"8":3,"9":3,"10":3,"11":3,"12":3,"13":3,"14":3,"15":3,"16":2},"branchMap":{"0":{"type":"branch","line":2,"loc":{"start":{"line":2,"column":-1},"end":{"line":2,"column":0}},"locations":[{"start":{"line":2,"column":-1},"end":{"line":2,"column":0}}]},"1":{"type":"branch","line":3,"loc":{"start":{"line":3,"column":-1},"end":{"line":3,"column":35}},"locations":[{"start":{"line":3,"column":-1},"end":{"line":3,"column":35}}]},"2":{"type":"branch","line":3,"loc":{"start":{"line":3,"column":34},"end":{"line":17,"column":1}},"locations":[{"start":{"line":3,"column":34},"end":{"line":17,"column":1}}]},"3":{"type":"branch","line":3,"loc":{"start":{"line":3,"column":7},"end":{"line":16,"column":31}},"locations":[{"start":{"line":3,"column":7},"end":{"line":16,"column":31}}]},"4":{"type":"branch","line":3,"loc":{"start":{"line":3,"column":41},"end":{"line":16,"column":31}},"locations":[{"start":{"line":3,"column":41},"end":{"line":16,"column":31}}]},"5":{"type":"branch","line":3,"loc":{"start":{"line":3,"column":41},"end":{"line":16,"column":31}},"locations":[{"start":{"line":3,"column":41},"end":{"line":16,"column":31}}]},"6":{"type":"branch","line":16,"loc":{"start":{"line":16,"column":30},"end":{"line":16,"column":31}},"locations":[{"start":{"line":16,"column":30},"end":{"line":16,"column":31}}]},"7":{"type":"branch","line":16,"loc":{"start":{"line":16,"column":30},"end":{"line":16,"column":31}},"locations":[{"start":{"line":16,"column":30},"end":{"line":16,"column":31}}]},"8":{"type":"branch","line":11,"loc":{"start":{"line":11,"column":30},"end":{"line":11,"column":120}},"locations":[{"start":{"line":11,"column":30},"end":{"line":11,"column":120}}]},"9":{"type":"branch","line":11,"loc":{"start":{"line":11,"column":112},"end":{"line":11,"column":117}},"locations":[{"start":{"line":11,"column":112},"end":{"line":11,"column":117}}]}},"b":{"0":[2],"1":[3],"2":[2],"3":[3],"4":[6],"5":[3],"6":[0],"7":[3],"8":[8],"9":[2]},"fnMap":{"0":{"name":"_regeneratorRuntime","decl":{"start":{"line":2,"column":-1},"end":{"line":2,"column":0}},"loc":{"start":{"line":2,"column":-1},"end":{"line":2,"column":0}},"line":2},"1":{"name":"insertOrders","decl":{"start":{"line":3,"column":-1},"end":{"line":3,"column":35}},"loc":{"start":{"line":3,"column":-1},"end":{"line":3,"column":35}},"line":3},"2":{"name":"_insertOrders","decl":{"start":{"line":3,"column":34},"end":{"line":17,"column":1}},"loc":{"start":{"line":3,"column":34},"end":{"line":17,"column":1}},"line":3},"3":{"name":"_callee","decl":{"start":{"line":3,"column":7},"end":{"line":16,"column":31}},"loc":{"start":{"line":3,"column":7},"end":{"line":16,"column":31}},"line":3},"4":{"name":"_callee$","decl":{"start":{"line":3,"column":41},"end":{"line":16,"column":31}},"loc":{"start":{"line":3,"column":41},"end":{"line":16,"column":31}},"line":3}},"f":{"0":2,"1":3,"2":2,"3":3,"4":6}}
,"/Users/philip/Documents/GitHub/Fooda/datalayer/rewards.mjs": {"path":"/Users/philip/Documents/GitHub/Fooda/datalayer/rewards.mjs","all":false,"statementMap":{"0":{"start":{"line":1,"column":0},"end":{"line":1,"column":42}},"1":{"start":{"line":2,"column":0},"end":{"line":2,"column":0}},"2":{"start":{"line":3,"column":0},"end":{"line":3,"column":36}},"3":{"start":{"line":4,"column":0},"end":{"line":4,"column":0}},"4":{"start":{"line":5,"column":0},"end":{"line":5,"column":90}},"5":{"start":{"line":6,"column":0},"end":{"line":6,"column":0}},"6":{"start":{"line":7,"column":0},"end":{"line":7,"column":1}}},"s":{"0":1,"1":1,"2":1,"3":3,"4":3,"5":3,"6":3},"branchMap":{"0":{"type":"branch","line":3,"loc":{"start":{"line":3,"column":7},"end":{"line":7,"column":1}},"locations":[{"start":{"line":3,"column":7},"end":{"line":7,"column":1}}]}},"b":{"0":[3]},"fnMap":{"0":{"name":"getRewardsConfig","decl":{"start":{"line":3,"column":7},"end":{"line":7,"column":1}},"loc":{"start":{"line":3,"column":7},"end":{"line":7,"column":1}},"line":3}},"f":{"0":3}}
,"/Users/philip/Documents/GitHub/Fooda/mocks/testJson.mjs": {"path":"/Users/philip/Documents/GitHub/Fooda/mocks/testJson.mjs","all":false,"statementMap":{"0":{"start":{"line":1,"column":0},"end":{"line":1,"column":24}},"1":{"start":{"line":2,"column":0},"end":{"line":2,"column":0}},"2":{"start":{"line":3,"column":0},"end":{"line":3,"column":27}},"3":{"start":{"line":4,"column":0},"end":{"line":4,"column":12}},"4":{"start":{"line":5,"column":0},"end":{"line":5,"column":19}},"5":{"start":{"line":6,"column":0},"end":{"line":6,"column":13}},"6":{"start":{"line":7,"column":0},"end":{"line":7,"column":41}},"7":{"start":{"line":8,"column":0},"end":{"line":8,"column":34}},"8":{"start":{"line":9,"column":0},"end":{"line":9,"column":56}},"9":{"start":{"line":10,"column":0},"end":{"line":10,"column":14}},"10":{"start":{"line":11,"column":0},"end":{"line":11,"column":13}},"11":{"start":{"line":12,"column":0},"end":{"line":12,"column":41}},"12":{"start":{"line":13,"column":0},"end":{"line":13,"column":31}},"13":{"start":{"line":14,"column":0},"end":{"line":14,"column":56}},"14":{"start":{"line":15,"column":0},"end":{"line":15,"column":14}},"15":{"start":{"line":16,"column":0},"end":{"line":16,"column":13}},"16":{"start":{"line":17,"column":0},"end":{"line":17,"column":41}},"17":{"start":{"line":18,"column":0},"end":{"line":18,"column":36}},"18":{"start":{"line":19,"column":0},"end":{"line":19,"column":56}},"19":{"start":{"line":20,"column":0},"end":{"line":20,"column":14}},"20":{"start":{"line":21,"column":0},"end":{"line":21,"column":13}},"21":{"start":{"line":22,"column":0},"end":{"line":22,"column":38}},"22":{"start":{"line":23,"column":0},"end":{"line":23,"column":38}},"23":{"start":{"line":24,"column":0},"end":{"line":24,"column":31}},"24":{"start":{"line":25,"column":0},"end":{"line":25,"column":56}},"25":{"start":{"line":26,"column":0},"end":{"line":26,"column":14}},"26":{"start":{"line":27,"column":0},"end":{"line":27,"column":13}},"27":{"start":{"line":28,"column":0},"end":{"line":28,"column":38}},"28":{"start":{"line":29,"column":0},"end":{"line":29,"column":38}},"29":{"start":{"line":30,"column":0},"end":{"line":30,"column":31}},"30":{"start":{"line":31,"column":0},"end":{"line":31,"column":56}},"31":{"start":{"line":32,"column":0},"end":{"line":32,"column":14}},"32":{"start":{"line":33,"column":0},"end":{"line":33,"column":13}},"33":{"start":{"line":34,"column":0},"end":{"line":34,"column":38}},"34":{"start":{"line":35,"column":0},"end":{"line":35,"column":35}},"35":{"start":{"line":36,"column":0},"end":{"line":36,"column":30}},"36":{"start":{"line":37,"column":0},"end":{"line":37,"column":56}},"37":{"start":{"line":38,"column":0},"end":{"line":38,"column":14}},"38":{"start":{"line":39,"column":0},"end":{"line":39,"column":13}},"39":{"start":{"line":40,"column":0},"end":{"line":40,"column":38}},"40":{"start":{"line":41,"column":0},"end":{"line":41,"column":35}},"41":{"start":{"line":42,"column":0},"end":{"line":42,"column":30}},"42":{"start":{"line":43,"column":0},"end":{"line":43,"column":56}},"43":{"start":{"line":44,"column":0},"end":{"line":44,"column":13}},"44":{"start":{"line":45,"column":0},"end":{"line":45,"column":9}},"45":{"start":{"line":46,"column":0},"end":{"line":46,"column":6}},"46":{"start":{"line":47,"column":0},"end":{"line":47,"column":0}},"47":{"start":{"line":48,"column":0},"end":{"line":48,"column":0}},"48":{"start":{"line":49,"column":0},"end":{"line":49,"column":1}},"49":{"start":{"line":50,"column":0},"end":{"line":50,"column":34}},"50":{"start":{"line":51,"column":0},"end":{"line":51,"column":20}},"51":{"start":{"line":52,"column":0},"end":{"line":52,"column":48}},"52":{"start":{"line":53,"column":0},"end":{"line":53,"column":42}},"53":{"start":{"line":54,"column":0},"end":{"line":54,"column":51}},"54":{"start":{"line":55,"column":0},"end":{"line":55,"column":7}},"55":{"start":{"line":56,"column":0},"end":{"line":56,"column":1}},"56":{"start":{"line":57,"column":0},"end":{"line":57,"column":31}},"57":{"start":{"line":58,"column":0},"end":{"line":58,"column":12}},"58":{"start":{"line":59,"column":0},"end":{"line":59,"column":35}},"59":{"start":{"line":60,"column":0},"end":{"line":60,"column":32}},"60":{"start":{"line":61,"column":0},"end":{"line":61,"column":36}},"61":{"start":{"line":62,"column":0},"end":{"line":62,"column":6}},"62":{"start":{"line":63,"column":0},"end":{"line":63,"column":1}},"63":{"start":{"line":64,"column":0},"end":{"line":64,"column":29}},"64":{"start":{"line":65,"column":0},"end":{"line":65,"column":12}},"65":{"start":{"line":66,"column":0},"end":{"line":66,"column":12}},"66":{"start":{"line":67,"column":0},"end":{"line":67,"column":18}},"67":{"start":{"line":68,"column":0},"end":{"line":68,"column":32}},"68":{"start":{"line":69,"column":0},"end":{"line":69,"column":32}},"69":{"start":{"line":70,"column":0},"end":{"line":70,"column":25}},"70":{"start":{"line":71,"column":0},"end":{"line":71,"column":51}},"71":{"start":{"line":72,"column":0},"end":{"line":72,"column":21}},"72":{"start":{"line":73,"column":0},"end":{"line":73,"column":10}},"73":{"start":{"line":74,"column":0},"end":{"line":74,"column":12}},"74":{"start":{"line":75,"column":0},"end":{"line":75,"column":18}},"75":{"start":{"line":76,"column":0},"end":{"line":76,"column":32}},"76":{"start":{"line":77,"column":0},"end":{"line":77,"column":32}},"77":{"start":{"line":78,"column":0},"end":{"line":78,"column":25}},"78":{"start":{"line":79,"column":0},"end":{"line":79,"column":51}},"79":{"start":{"line":80,"column":0},"end":{"line":80,"column":22}},"80":{"start":{"line":81,"column":0},"end":{"line":81,"column":10}},"81":{"start":{"line":82,"column":0},"end":{"line":82,"column":9}},"82":{"start":{"line":83,"column":0},"end":{"line":83,"column":18}},"83":{"start":{"line":84,"column":0},"end":{"line":84,"column":32}},"84":{"start":{"line":85,"column":0},"end":{"line":85,"column":29}},"85":{"start":{"line":86,"column":0},"end":{"line":86,"column":24}},"86":{"start":{"line":87,"column":0},"end":{"line":87,"column":51}},"87":{"start":{"line":88,"column":0},"end":{"line":88,"column":21}},"88":{"start":{"line":89,"column":0},"end":{"line":89,"column":10}},"89":{"start":{"line":90,"column":0},"end":{"line":90,"column":18}},"90":{"start":{"line":91,"column":0},"end":{"line":91,"column":32}},"91":{"start":{"line":92,"column":0},"end":{"line":92,"column":29}},"92":{"start":{"line":93,"column":0},"end":{"line":93,"column":24}},"93":{"start":{"line":94,"column":0},"end":{"line":94,"column":51}},"94":{"start":{"line":95,"column":0},"end":{"line":95,"column":21}},"95":{"start":{"line":96,"column":0},"end":{"line":96,"column":9}},"96":{"start":{"line":97,"column":0},"end":{"line":97,"column":6}},"97":{"start":{"line":98,"column":0},"end":{"line":98,"column":1}},"98":{"start":{"line":99,"column":0},"end":{"line":99,"column":0}},"99":{"start":{"line":100,"column":0},"end":{"line":100,"column":34}},"100":{"start":{"line":101,"column":0},"end":{"line":101,"column":58}},"101":{"start":{"line":102,"column":0},"end":{"line":102,"column":12}},"102":{"start":{"line":103,"column":0},"end":{"line":103,"column":101}},"103":{"start":{"line":104,"column":0},"end":{"line":104,"column":102}},"104":{"start":{"line":105,"column":0},"end":{"line":105,"column":100}},"105":{"start":{"line":106,"column":0},"end":{"line":106,"column":98}},"106":{"start":{"line":107,"column":0},"end":{"line":107,"column":0}},"107":{"start":{"line":108,"column":0},"end":{"line":108,"column":6}},"108":{"start":{"line":109,"column":0},"end":{"line":109,"column":1}},"109":{"start":{"line":110,"column":0},"end":{"line":110,"column":63}},"110":{"start":{"line":111,"column":0},"end":{"line":111,"column":44}},"111":{"start":{"line":112,"column":0},"end":{"line":112,"column":59}},"112":{"start":{"line":113,"column":0},"end":{"line":113,"column":59}},"113":{"start":{"line":114,"column":0},"end":{"line":114,"column":52}},"114":{"start":{"line":115,"column":0},"end":{"line":115,"column":36}},"115":{"start":{"line":116,"column":0},"end":{"line":116,"column":12}},"116":{"start":{"line":117,"column":0},"end":{"line":117,"column":90}},"117":{"start":{"line":118,"column":0},"end":{"line":118,"column":90}},"118":{"start":{"line":119,"column":0},"end":{"line":119,"column":90}},"119":{"start":{"line":120,"column":0},"end":{"line":120,"column":90}},"120":{"start":{"line":121,"column":0},"end":{"line":121,"column":89}},"121":{"start":{"line":122,"column":0},"end":{"line":122,"column":6}},"122":{"start":{"line":123,"column":0},"end":{"line":123,"column":1}}},"s":{"0":1,"1":1,"2":1,"3":4,"4":4,"5":4,"6":4,"7":4,"8":4,"9":4,"10":4,"11":4,"12":4,"13":4,"14":4,"15":4,"16":4,"17":4,"18":4,"19":4,"20":4,"21":4,"22":4,"23":4,"24":4,"25":4,"26":4,"27":4,"28":4,"29":4,"30":4,"31":4,"32":4,"33":4,"34":4,"35":4,"36":4,"37":4,"38":4,"39":4,"40":4,"41":4,"42":4,"43":4,"44":4,"45":4,"46":4,"47":4,"48":4,"49":1,"50":2,"51":2,"52":2,"53":2,"54":2,"55":2,"56":1,"57":2,"58":2,"59":2,"60":2,"61":2,"62":2,"63":1,"64":2,"65":2,"66":2,"67":2,"68":2,"69":2,"70":2,"71":2,"72":2,"73":2,"74":2,"75":2,"76":2,"77":2,"78":2,"79":2,"80":2,"81":2,"82":2,"83":2,"84":2,"85":2,"86":2,"87":2,"88":2,"89":2,"90":2,"91":2,"92":2,"93":2,"94":2,"95":2,"96":2,"97":2,"98":1,"99":1,"100":5,"101":5,"102":5,"103":5,"104":5,"105":5,"106":5,"107":5,"108":5,"109":1,"110":1,"111":1,"112":1,"113":1,"114":1,"115":3,"116":3,"117":3,"118":3,"119":3,"120":3,"121":3,"122":3},"branchMap":{"0":{"type":"branch","line":3,"loc":{"start":{"line":3,"column":7},"end":{"line":49,"column":1}},"locations":[{"start":{"line":3,"column":7},"end":{"line":49,"column":1}}]},"1":{"type":"branch","line":50,"loc":{"start":{"line":50,"column":7},"end":{"line":56,"column":1}},"locations":[{"start":{"line":50,"column":7},"end":{"line":56,"column":1}}]},"2":{"type":"branch","line":57,"loc":{"start":{"line":57,"column":7},"end":{"line":63,"column":1}},"locations":[{"start":{"line":57,"column":7},"end":{"line":63,"column":1}}]},"3":{"type":"branch","line":64,"loc":{"start":{"line":64,"column":7},"end":{"line":98,"column":1}},"locations":[{"start":{"line":64,"column":7},"end":{"line":98,"column":1}}]},"4":{"type":"branch","line":100,"loc":{"start":{"line":100,"column":7},"end":{"line":109,"column":1}},"locations":[{"start":{"line":100,"column":7},"end":{"line":109,"column":1}}]},"5":{"type":"branch","line":115,"loc":{"start":{"line":115,"column":7},"end":{"line":123,"column":1}},"locations":[{"start":{"line":115,"column":7},"end":{"line":123,"column":1}}]}},"b":{"0":[4],"1":[2],"2":[2],"3":[2],"4":[5],"5":[3]},"fnMap":{"0":{"name":"getJson","decl":{"start":{"line":3,"column":7},"end":{"line":49,"column":1}},"loc":{"start":{"line":3,"column":7},"end":{"line":49,"column":1}},"line":3},"1":{"name":"getCustomerMap","decl":{"start":{"line":50,"column":7},"end":{"line":56,"column":1}},"loc":{"start":{"line":50,"column":7},"end":{"line":56,"column":1}},"line":50},"2":{"name":"getAccounts","decl":{"start":{"line":57,"column":7},"end":{"line":63,"column":1}},"loc":{"start":{"line":57,"column":7},"end":{"line":63,"column":1}},"line":57},"3":{"name":"getOrders","decl":{"start":{"line":64,"column":7},"end":{"line":98,"column":1}},"loc":{"start":{"line":64,"column":7},"end":{"line":98,"column":1}},"line":64},"4":{"name":"getSavedOrders","decl":{"start":{"line":100,"column":7},"end":{"line":109,"column":1}},"loc":{"start":{"line":100,"column":7},"end":{"line":109,"column":1}},"line":100},"5":{"name":"getRewardsConfig","decl":{"start":{"line":115,"column":7},"end":{"line":123,"column":1}},"loc":{"start":{"line":115,"column":7},"end":{"line":123,"column":1}},"line":115}},"f":{"0":4,"1":2,"2":2,"3":2,"4":5,"5":3}}
,"/Users/philip/Documents/GitHub/Fooda/processor/accountProcessor.mjs": {"path":"/Users/philip/Documents/GitHub/Fooda/processor/accountProcessor.mjs","all":false,"statementMap":{"0":{"start":{"line":1,"column":0},"end":{"line":1,"column":71}},"1":{"start":{"line":2,"column":0},"end":{"line":2,"column":0}},"2":{"start":{"line":3,"column":0},"end":{"line":3,"column":49}},"3":{"start":{"line":4,"column":0},"end":{"line":4,"column":0}},"4":{"start":{"line":5,"column":0},"end":{"line":5,"column":31}},"5":{"start":{"line":6,"column":0},"end":{"line":6,"column":0}},"6":{"start":{"line":7,"column":0},"end":{"line":7,"column":70}},"7":{"start":{"line":8,"column":0},"end":{"line":8,"column":0}},"8":{"start":{"line":9,"column":0},"end":{"line":9,"column":36}},"9":{"start":{"line":10,"column":0},"end":{"line":10,"column":44}},"10":{"start":{"line":11,"column":0},"end":{"line":11,"column":5}},"11":{"start":{"line":12,"column":0},"end":{"line":12,"column":35}},"12":{"start":{"line":13,"column":0},"end":{"line":13,"column":33}},"13":{"start":{"line":14,"column":0},"end":{"line":14,"column":46}},"14":{"start":{"line":15,"column":0},"end":{"line":15,"column":41}},"15":{"start":{"line":16,"column":0},"end":{"line":16,"column":9}},"16":{"start":{"line":17,"column":0},"end":{"line":17,"column":5}},"17":{"start":{"line":18,"column":0},"end":{"line":18,"column":0}},"18":{"start":{"line":19,"column":0},"end":{"line":19,"column":34}},"19":{"start":{"line":20,"column":0},"end":{"line":20,"column":32}},"20":{"start":{"line":21,"column":0},"end":{"line":21,"column":78}},"21":{"start":{"line":22,"column":0},"end":{"line":22,"column":0}},"22":{"start":{"line":23,"column":0},"end":{"line":23,"column":56}},"23":{"start":{"line":24,"column":0},"end":{"line":24,"column":4}},"24":{"start":{"line":25,"column":0},"end":{"line":25,"column":46}},"25":{"start":{"line":26,"column":0},"end":{"line":26,"column":58}},"26":{"start":{"line":27,"column":0},"end":{"line":27,"column":54}},"27":{"start":{"line":28,"column":0},"end":{"line":28,"column":13}},"28":{"start":{"line":29,"column":0},"end":{"line":29,"column":9}},"29":{"start":{"line":30,"column":0},"end":{"line":30,"column":4}},"30":{"start":{"line":31,"column":0},"end":{"line":31,"column":35}},"31":{"start":{"line":32,"column":0},"end":{"line":32,"column":64}},"32":{"start":{"line":33,"column":0},"end":{"line":33,"column":91}},"33":{"start":{"line":34,"column":0},"end":{"line":34,"column":39}},"34":{"start":{"line":35,"column":0},"end":{"line":35,"column":84}},"35":{"start":{"line":36,"column":0},"end":{"line":36,"column":9}},"36":{"start":{"line":37,"column":0},"end":{"line":37,"column":67}},"37":{"start":{"line":38,"column":0},"end":{"line":38,"column":42}},"38":{"start":{"line":39,"column":0},"end":{"line":39,"column":54}},"39":{"start":{"line":40,"column":0},"end":{"line":40,"column":50}},"40":{"start":{"line":41,"column":0},"end":{"line":41,"column":9}},"41":{"start":{"line":42,"column":0},"end":{"line":42,"column":5}},"42":{"start":{"line":43,"column":0},"end":{"line":43,"column":22}},"43":{"start":{"line":44,"column":0},"end":{"line":44,"column":0}},"44":{"start":{"line":45,"column":0},"end":{"line":45,"column":1}}},"s":{"0":1,"1":2,"2":1,"3":4,"4":4,"5":4,"6":4,"7":4,"8":4,"9":1,"10":3,"11":3,"12":3,"13":18,"14":6,"15":6,"16":18,"17":3,"18":3,"19":2,"20":2,"21":2,"22":2,"23":2,"24":2,"25":2,"26":4,"27":4,"28":2,"29":2,"30":2,"31":2,"32":2,"33":2,"34":1,"35":1,"36":1,"37":1,"38":1,"39":2,"40":2,"41":2,"42":2,"43":2,"44":2},"branchMap":{"0":{"type":"branch","line":2,"loc":{"start":{"line":2,"column":-1},"end":{"line":2,"column":0}},"locations":[{"start":{"line":2,"column":-1},"end":{"line":2,"column":0}}]},"1":{"type":"branch","line":3,"loc":{"start":{"line":3,"column":-1},"end":{"line":3,"column":38}},"locations":[{"start":{"line":3,"column":-1},"end":{"line":3,"column":38}}]},"2":{"type":"branch","line":3,"loc":{"start":{"line":3,"column":37},"end":{"line":45,"column":1}},"locations":[{"start":{"line":3,"column":37},"end":{"line":45,"column":1}}]},"3":{"type":"branch","line":3,"loc":{"start":{"line":3,"column":7},"end":{"line":43,"column":22}},"locations":[{"start":{"line":3,"column":7},"end":{"line":43,"column":22}}]},"4":{"type":"branch","line":3,"loc":{"start":{"line":3,"column":46},"end":{"line":43,"column":22}},"locations":[{"start":{"line":3,"column":46},"end":{"line":43,"column":22}}]},"5":{"type":"branch","line":3,"loc":{"start":{"line":3,"column":46},"end":{"line":43,"column":22}},"locations":[{"start":{"line":3,"column":46},"end":{"line":43,"column":22}}]},"6":{"type":"branch","line":3,"loc":{"start":{"line":3,"column":46},"end":{"line":10,"column":44}},"locations":[{"start":{"line":3,"column":46},"end":{"line":10,"column":44}}]},"7":{"type":"branch","line":7,"loc":{"start":{"line":7,"column":64},"end":{"line":7,"column":69}},"locations":[{"start":{"line":7,"column":64},"end":{"line":7,"column":69}}]},"8":{"type":"branch","line":9,"loc":{"start":{"line":9,"column":33},"end":{"line":9,"column":36}},"locations":[{"start":{"line":9,"column":33},"end":{"line":9,"column":36}}]},"9":{"type":"branch","line":9,"loc":{"start":{"line":9,"column":33},"end":{"line":10,"column":44}},"locations":[{"start":{"line":9,"column":33},"end":{"line":10,"column":44}}]},"10":{"type":"branch","line":10,"loc":{"start":{"line":10,"column":43},"end":{"line":21,"column":78}},"locations":[{"start":{"line":10,"column":43},"end":{"line":21,"column":78}}]},"11":{"type":"branch","line":13,"loc":{"start":{"line":13,"column":32},"end":{"line":17,"column":5}},"locations":[{"start":{"line":13,"column":32},"end":{"line":17,"column":5}}]},"12":{"type":"branch","line":14,"loc":{"start":{"line":14,"column":22},"end":{"line":14,"column":43}},"locations":[{"start":{"line":14,"column":22},"end":{"line":14,"column":43}}]},"13":{"type":"branch","line":14,"loc":{"start":{"line":14,"column":45},"end":{"line":16,"column":9}},"locations":[{"start":{"line":14,"column":45},"end":{"line":16,"column":9}}]},"14":{"type":"branch","line":19,"loc":{"start":{"line":19,"column":31},"end":{"line":21,"column":78}},"locations":[{"start":{"line":19,"column":31},"end":{"line":21,"column":78}}]},"15":{"type":"branch","line":19,"loc":{"start":{"line":19,"column":31},"end":{"line":19,"column":34}},"locations":[{"start":{"line":19,"column":31},"end":{"line":19,"column":34}}]},"16":{"type":"branch","line":21,"loc":{"start":{"line":21,"column":77},"end":{"line":35,"column":84}},"locations":[{"start":{"line":21,"column":77},"end":{"line":35,"column":84}}]},"17":{"type":"branch","line":23,"loc":{"start":{"line":23,"column":28},"end":{"line":23,"column":53}},"locations":[{"start":{"line":23,"column":28},"end":{"line":23,"column":53}}]},"18":{"type":"branch","line":26,"loc":{"start":{"line":26,"column":57},"end":{"line":28,"column":13}},"locations":[{"start":{"line":26,"column":57},"end":{"line":28,"column":13}}]},"19":{"type":"branch","line":34,"loc":{"start":{"line":34,"column":36},"end":{"line":35,"column":84}},"locations":[{"start":{"line":34,"column":36},"end":{"line":35,"column":84}}]},"20":{"type":"branch","line":35,"loc":{"start":{"line":35,"column":29},"end":{"line":37,"column":67}},"locations":[{"start":{"line":35,"column":29},"end":{"line":37,"column":67}}]},"21":{"type":"branch","line":37,"loc":{"start":{"line":37,"column":66},"end":{"line":41,"column":9}},"locations":[{"start":{"line":37,"column":66},"end":{"line":41,"column":9}}]},"22":{"type":"branch","line":39,"loc":{"start":{"line":39,"column":53},"end":{"line":41,"column":9}},"locations":[{"start":{"line":39,"column":53},"end":{"line":41,"column":9}}]},"23":{"type":"branch","line":42,"loc":{"start":{"line":42,"column":-1},"end":{"line":43,"column":22}},"locations":[{"start":{"line":42,"column":-1},"end":{"line":43,"column":22}}]},"24":{"type":"branch","line":43,"loc":{"start":{"line":43,"column":21},"end":{"line":43,"column":22}},"locations":[{"start":{"line":43,"column":21},"end":{"line":43,"column":22}}]},"25":{"type":"branch","line":43,"loc":{"start":{"line":43,"column":21},"end":{"line":43,"column":22}},"locations":[{"start":{"line":43,"column":21},"end":{"line":43,"column":22}}]},"26":{"type":"branch","line":33,"loc":{"start":{"line":33,"column":60},"end":{"line":33,"column":90}},"locations":[{"start":{"line":33,"column":60},"end":{"line":33,"column":90}}]}},"b":{"0":[2],"1":[4],"2":[2],"3":[4],"4":[11],"5":[16],"6":[4],"7":[0],"8":[3],"9":[1],"10":[3],"11":[18],"12":[6],"13":[6],"14":[2],"15":[1],"16":[2],"17":[0],"18":[4],"19":[1],"20":[1],"21":[1],"22":[2],"23":[2],"24":[0],"25":[4],"26":[6]},"fnMap":{"0":{"name":"_regeneratorRuntime","decl":{"start":{"line":2,"column":-1},"end":{"line":2,"column":0}},"loc":{"start":{"line":2,"column":-1},"end":{"line":2,"column":0}},"line":2},"1":{"name":"processAccounts","decl":{"start":{"line":3,"column":-1},"end":{"line":3,"column":38}},"loc":{"start":{"line":3,"column":-1},"end":{"line":3,"column":38}},"line":3},"2":{"name":"_processAccounts","decl":{"start":{"line":3,"column":37},"end":{"line":45,"column":1}},"loc":{"start":{"line":3,"column":37},"end":{"line":45,"column":1}},"line":3},"3":{"name":"_callee","decl":{"start":{"line":3,"column":7},"end":{"line":43,"column":22}},"loc":{"start":{"line":3,"column":7},"end":{"line":43,"column":22}},"line":3},"4":{"name":"_callee$","decl":{"start":{"line":3,"column":46},"end":{"line":43,"column":22}},"loc":{"start":{"line":3,"column":46},"end":{"line":43,"column":22}},"line":3}},"f":{"0":2,"1":4,"2":2,"3":4,"4":11}}
,"/Users/philip/Documents/GitHub/Fooda/processor/orderProcessor.mjs": {"path":"/Users/philip/Documents/GitHub/Fooda/processor/orderProcessor.mjs","all":false,"statementMap":{"0":{"start":{"line":1,"column":0},"end":{"line":1,"column":54}},"1":{"start":{"line":2,"column":0},"end":{"line":2,"column":22}},"2":{"start":{"line":3,"column":0},"end":{"line":3,"column":24}},"3":{"start":{"line":4,"column":0},"end":{"line":4,"column":8}},"4":{"start":{"line":5,"column":0},"end":{"line":5,"column":31}},"5":{"start":{"line":6,"column":0},"end":{"line":6,"column":31}},"6":{"start":{"line":7,"column":0},"end":{"line":7,"column":23}},"7":{"start":{"line":8,"column":0},"end":{"line":8,"column":64}},"8":{"start":{"line":9,"column":0},"end":{"line":9,"column":21}},"9":{"start":{"line":10,"column":0},"end":{"line":10,"column":9}},"10":{"start":{"line":11,"column":0},"end":{"line":11,"column":46}},"11":{"start":{"line":12,"column":0},"end":{"line":12,"column":49}},"12":{"start":{"line":13,"column":0},"end":{"line":13,"column":0}},"13":{"start":{"line":14,"column":0},"end":{"line":14,"column":62}},"14":{"start":{"line":15,"column":0},"end":{"line":15,"column":0}},"15":{"start":{"line":16,"column":0},"end":{"line":16,"column":46}},"16":{"start":{"line":17,"column":0},"end":{"line":17,"column":52}},"17":{"start":{"line":18,"column":0},"end":{"line":18,"column":5}},"18":{"start":{"line":19,"column":0},"end":{"line":19,"column":88}},"19":{"start":{"line":20,"column":0},"end":{"line":20,"column":51}},"20":{"start":{"line":21,"column":0},"end":{"line":21,"column":5}},"21":{"start":{"line":22,"column":0},"end":{"line":22,"column":38}},"22":{"start":{"line":23,"column":0},"end":{"line":23,"column":30}},"23":{"start":{"line":24,"column":0},"end":{"line":24,"column":0}},"24":{"start":{"line":25,"column":0},"end":{"line":25,"column":38}},"25":{"start":{"line":26,"column":0},"end":{"line":26,"column":61}},"26":{"start":{"line":27,"column":0},"end":{"line":27,"column":59}},"27":{"start":{"line":28,"column":0},"end":{"line":28,"column":26}},"28":{"start":{"line":29,"column":0},"end":{"line":29,"column":47}},"29":{"start":{"line":30,"column":0},"end":{"line":30,"column":39}},"30":{"start":{"line":31,"column":0},"end":{"line":31,"column":69}},"31":{"start":{"line":32,"column":0},"end":{"line":32,"column":41}},"32":{"start":{"line":33,"column":0},"end":{"line":33,"column":47}},"33":{"start":{"line":34,"column":0},"end":{"line":34,"column":77}},"34":{"start":{"line":35,"column":0},"end":{"line":35,"column":18}},"35":{"start":{"line":36,"column":0},"end":{"line":36,"column":51}},"36":{"start":{"line":37,"column":0},"end":{"line":37,"column":20}},"37":{"start":{"line":38,"column":0},"end":{"line":38,"column":81}},"38":{"start":{"line":39,"column":0},"end":{"line":39,"column":13}},"39":{"start":{"line":40,"column":0},"end":{"line":40,"column":9}},"40":{"start":{"line":41,"column":0},"end":{"line":41,"column":5}},"41":{"start":{"line":42,"column":0},"end":{"line":42,"column":38}},"42":{"start":{"line":43,"column":0},"end":{"line":43,"column":62}},"43":{"start":{"line":44,"column":0},"end":{"line":44,"column":61}},"44":{"start":{"line":45,"column":0},"end":{"line":45,"column":4}},"45":{"start":{"line":46,"column":0},"end":{"line":46,"column":1}}},"s":{"0":1,"1":0,"2":1,"3":1,"4":1,"5":1,"6":1,"7":1,"8":1,"9":1,"10":1,"11":4,"12":4,"13":1,"14":4,"15":4,"16":1,"17":3,"18":3,"19":0,"20":3,"21":3,"22":3,"23":3,"24":3,"25":12,"26":12,"27":12,"28":8,"29":8,"30":8,"31":8,"32":8,"33":8,"34":8,"35":8,"36":12,"37":4,"38":4,"39":12,"40":12,"41":3,"42":3,"43":3,"44":2,"45":2},"branchMap":{"0":{"type":"branch","line":2,"loc":{"start":{"line":2,"column":-1},"end":{"line":2,"column":22}},"locations":[{"start":{"line":2,"column":-1},"end":{"line":2,"column":22}}]},"1":{"type":"branch","line":2,"loc":{"start":{"line":2,"column":0},"end":{"line":2,"column":22}},"locations":[{"start":{"line":2,"column":0},"end":{"line":2,"column":22}}]},"2":{"type":"branch","line":2,"loc":{"start":{"line":2,"column":0},"end":{"line":2,"column":22}},"locations":[{"start":{"line":2,"column":0},"end":{"line":2,"column":22}}]},"3":{"type":"branch","line":2,"loc":{"start":{"line":2,"column":0},"end":{"line":2,"column":22}},"locations":[{"start":{"line":2,"column":0},"end":{"line":2,"column":22}}]},"4":{"type":"branch","line":2,"loc":{"start":{"line":2,"column":0},"end":{"line":2,"column":22}},"locations":[{"start":{"line":2,"column":0},"end":{"line":2,"column":22}}]},"5":{"type":"branch","line":2,"loc":{"start":{"line":2,"column":0},"end":{"line":2,"column":22}},"locations":[{"start":{"line":2,"column":0},"end":{"line":2,"column":22}}]},"6":{"type":"branch","line":2,"loc":{"start":{"line":2,"column":0},"end":{"line":2,"column":22}},"locations":[{"start":{"line":2,"column":0},"end":{"line":2,"column":22}}]},"7":{"type":"branch","line":2,"loc":{"start":{"line":2,"column":0},"end":{"line":2,"column":22}},"locations":[{"start":{"line":2,"column":0},"end":{"line":2,"column":22}}]},"8":{"type":"branch","line":2,"loc":{"start":{"line":2,"column":0},"end":{"line":2,"column":22}},"locations":[{"start":{"line":2,"column":0},"end":{"line":2,"column":22}}]},"9":{"type":"branch","line":2,"loc":{"start":{"line":2,"column":0},"end":{"line":2,"column":22}},"locations":[{"start":{"line":2,"column":0},"end":{"line":2,"column":22}}]},"10":{"type":"branch","line":2,"loc":{"start":{"line":2,"column":0},"end":{"line":2,"column":22}},"locations":[{"start":{"line":2,"column":0},"end":{"line":2,"column":22}}]},"11":{"type":"branch","line":2,"loc":{"start":{"line":2,"column":0},"end":{"line":2,"column":22}},"locations":[{"start":{"line":2,"column":0},"end":{"line":2,"column":22}}]},"12":{"type":"branch","line":2,"loc":{"start":{"line":2,"column":0},"end":{"line":2,"column":22}},"locations":[{"start":{"line":2,"column":0},"end":{"line":2,"column":22}}]},"13":{"type":"branch","line":2,"loc":{"start":{"line":2,"column":0},"end":{"line":2,"column":22}},"locations":[{"start":{"line":2,"column":0},"end":{"line":2,"column":22}}]},"14":{"type":"branch","line":2,"loc":{"start":{"line":2,"column":0},"end":{"line":2,"column":22}},"locations":[{"start":{"line":2,"column":0},"end":{"line":2,"column":22}}]},"15":{"type":"branch","line":2,"loc":{"start":{"line":2,"column":0},"end":{"line":2,"column":22}},"locations":[{"start":{"line":2,"column":0},"end":{"line":2,"column":22}}]},"16":{"type":"branch","line":2,"loc":{"start":{"line":2,"column":0},"end":{"line":2,"column":22}},"locations":[{"start":{"line":2,"column":0},"end":{"line":2,"column":22}}]},"17":{"type":"branch","line":2,"loc":{"start":{"line":2,"column":0},"end":{"line":2,"column":22}},"locations":[{"start":{"line":2,"column":0},"end":{"line":2,"column":22}}]},"18":{"type":"branch","line":2,"loc":{"start":{"line":2,"column":0},"end":{"line":2,"column":22}},"locations":[{"start":{"line":2,"column":0},"end":{"line":2,"column":22}}]},"19":{"type":"branch","line":2,"loc":{"start":{"line":2,"column":0},"end":{"line":2,"column":22}},"locations":[{"start":{"line":2,"column":0},"end":{"line":2,"column":22}}]},"20":{"type":"branch","line":2,"loc":{"start":{"line":2,"column":0},"end":{"line":2,"column":22}},"locations":[{"start":{"line":2,"column":0},"end":{"line":2,"column":22}}]},"21":{"type":"branch","line":2,"loc":{"start":{"line":2,"column":0},"end":{"line":2,"column":22}},"locations":[{"start":{"line":2,"column":0},"end":{"line":2,"column":22}}]},"22":{"type":"branch","line":2,"loc":{"start":{"line":2,"column":0},"end":{"line":2,"column":22}},"locations":[{"start":{"line":2,"column":0},"end":{"line":2,"column":22}}]},"23":{"type":"branch","line":2,"loc":{"start":{"line":2,"column":0},"end":{"line":2,"column":22}},"locations":[{"start":{"line":2,"column":0},"end":{"line":2,"column":22}}]},"24":{"type":"branch","line":2,"loc":{"start":{"line":2,"column":0},"end":{"line":2,"column":22}},"locations":[{"start":{"line":2,"column":0},"end":{"line":2,"column":22}}]},"25":{"type":"branch","line":2,"loc":{"start":{"line":2,"column":0},"end":{"line":2,"column":22}},"locations":[{"start":{"line":2,"column":0},"end":{"line":2,"column":22}}]},"26":{"type":"branch","line":2,"loc":{"start":{"line":2,"column":0},"end":{"line":2,"column":22}},"locations":[{"start":{"line":2,"column":0},"end":{"line":2,"column":22}}]},"27":{"type":"branch","line":2,"loc":{"start":{"line":2,"column":0},"end":{"line":2,"column":22}},"locations":[{"start":{"line":2,"column":0},"end":{"line":2,"column":22}}]},"28":{"type":"branch","line":2,"loc":{"start":{"line":2,"column":0},"end":{"line":2,"column":22}},"locations":[{"start":{"line":2,"column":0},"end":{"line":2,"column":22}}]},"29":{"type":"branch","line":2,"loc":{"start":{"line":2,"column":0},"end":{"line":2,"column":22}},"locations":[{"start":{"line":2,"column":0},"end":{"line":2,"column":22}}]},"30":{"type":"branch","line":2,"loc":{"start":{"line":2,"column":0},"end":{"line":2,"column":22}},"locations":[{"start":{"line":2,"column":0},"end":{"line":2,"column":22}}]},"31":{"type":"branch","line":2,"loc":{"start":{"line":2,"column":0},"end":{"line":2,"column":22}},"locations":[{"start":{"line":2,"column":0},"end":{"line":2,"column":22}}]},"32":{"type":"branch","line":2,"loc":{"start":{"line":2,"column":0},"end":{"line":2,"column":22}},"locations":[{"start":{"line":2,"column":0},"end":{"line":2,"column":22}}]},"33":{"type":"branch","line":2,"loc":{"start":{"line":2,"column":0},"end":{"line":2,"column":22}},"locations":[{"start":{"line":2,"column":0},"end":{"line":2,"column":22}}]},"34":{"type":"branch","line":2,"loc":{"start":{"line":2,"column":0},"end":{"line":2,"column":22}},"locations":[{"start":{"line":2,"column":0},"end":{"line":2,"column":22}}]},"35":{"type":"branch","line":2,"loc":{"start":{"line":2,"column":0},"end":{"line":2,"column":22}},"locations":[{"start":{"line":2,"column":0},"end":{"line":2,"column":22}}]},"36":{"type":"branch","line":2,"loc":{"start":{"line":2,"column":0},"end":{"line":2,"column":22}},"locations":[{"start":{"line":2,"column":0},"end":{"line":2,"column":22}}]},"37":{"type":"branch","line":2,"loc":{"start":{"line":2,"column":0},"end":{"line":2,"column":22}},"locations":[{"start":{"line":2,"column":0},"end":{"line":2,"column":22}}]},"38":{"type":"branch","line":2,"loc":{"start":{"line":2,"column":0},"end":{"line":2,"column":22}},"locations":[{"start":{"line":2,"column":0},"end":{"line":2,"column":22}}]},"39":{"type":"branch","line":2,"loc":{"start":{"line":2,"column":0},"end":{"line":2,"column":22}},"locations":[{"start":{"line":2,"column":0},"end":{"line":2,"column":22}}]},"40":{"type":"branch","line":2,"loc":{"start":{"line":2,"column":0},"end":{"line":2,"column":22}},"locations":[{"start":{"line":2,"column":0},"end":{"line":2,"column":22}}]},"41":{"type":"branch","line":2,"loc":{"start":{"line":2,"column":0},"end":{"line":2,"column":22}},"locations":[{"start":{"line":2,"column":0},"end":{"line":2,"column":22}}]},"42":{"type":"branch","line":2,"loc":{"start":{"line":2,"column":0},"end":{"line":2,"column":22}},"locations":[{"start":{"line":2,"column":0},"end":{"line":2,"column":22}}]},"43":{"type":"branch","line":2,"loc":{"start":{"line":2,"column":0},"end":{"line":2,"column":22}},"locations":[{"start":{"line":2,"column":0},"end":{"line":2,"column":22}}]},"44":{"type":"branch","line":2,"loc":{"start":{"line":2,"column":0},"end":{"line":2,"column":22}},"locations":[{"start":{"line":2,"column":0},"end":{"line":2,"column":22}}]},"45":{"type":"branch","line":2,"loc":{"start":{"line":2,"column":0},"end":{"line":2,"column":22}},"locations":[{"start":{"line":2,"column":0},"end":{"line":2,"column":22}}]},"46":{"type":"branch","line":2,"loc":{"start":{"line":2,"column":0},"end":{"line":2,"column":22}},"locations":[{"start":{"line":2,"column":0},"end":{"line":2,"column":22}}]},"47":{"type":"branch","line":2,"loc":{"start":{"line":2,"column":0},"end":{"line":2,"column":22}},"locations":[{"start":{"line":2,"column":0},"end":{"line":2,"column":22}}]},"48":{"type":"branch","line":2,"loc":{"start":{"line":2,"column":0},"end":{"line":2,"column":22}},"locations":[{"start":{"line":2,"column":0},"end":{"line":2,"column":22}}]},"49":{"type":"branch","line":2,"loc":{"start":{"line":2,"column":0},"end":{"line":2,"column":22}},"locations":[{"start":{"line":2,"column":0},"end":{"line":2,"column":22}}]},"50":{"type":"branch","line":2,"loc":{"start":{"line":2,"column":0},"end":{"line":2,"column":22}},"locations":[{"start":{"line":2,"column":0},"end":{"line":2,"column":22}}]},"51":{"type":"branch","line":2,"loc":{"start":{"line":2,"column":0},"end":{"line":2,"column":22}},"locations":[{"start":{"line":2,"column":0},"end":{"line":2,"column":22}}]},"52":{"type":"branch","line":2,"loc":{"start":{"line":2,"column":0},"end":{"line":2,"column":22}},"locations":[{"start":{"line":2,"column":0},"end":{"line":2,"column":22}}]},"53":{"type":"branch","line":2,"loc":{"start":{"line":2,"column":0},"end":{"line":2,"column":22}},"locations":[{"start":{"line":2,"column":0},"end":{"line":2,"column":22}}]},"54":{"type":"branch","line":2,"loc":{"start":{"line":2,"column":0},"end":{"line":2,"column":22}},"locations":[{"start":{"line":2,"column":0},"end":{"line":2,"column":22}}]},"55":{"type":"branch","line":2,"loc":{"start":{"line":2,"column":0},"end":{"line":2,"column":22}},"locations":[{"start":{"line":2,"column":0},"end":{"line":2,"column":22}}]},"56":{"type":"branch","line":2,"loc":{"start":{"line":2,"column":0},"end":{"line":2,"column":22}},"locations":[{"start":{"line":2,"column":0},"end":{"line":2,"column":22}}]},"57":{"type":"branch","line":2,"loc":{"start":{"line":2,"column":0},"end":{"line":2,"column":22}},"locations":[{"start":{"line":2,"column":0},"end":{"line":2,"column":22}}]},"58":{"type":"branch","line":2,"loc":{"start":{"line":2,"column":0},"end":{"line":2,"column":22}},"locations":[{"start":{"line":2,"column":0},"end":{"line":2,"column":22}}]},"59":{"type":"branch","line":2,"loc":{"start":{"line":2,"column":0},"end":{"line":2,"column":22}},"locations":[{"start":{"line":2,"column":0},"end":{"line":2,"column":22}}]},"60":{"type":"branch","line":2,"loc":{"start":{"line":2,"column":0},"end":{"line":2,"column":22}},"locations":[{"start":{"line":2,"column":0},"end":{"line":2,"column":22}}]},"61":{"type":"branch","line":2,"loc":{"start":{"line":2,"column":0},"end":{"line":2,"column":22}},"locations":[{"start":{"line":2,"column":0},"end":{"line":2,"column":22}}]},"62":{"type":"branch","line":2,"loc":{"start":{"line":2,"column":0},"end":{"line":2,"column":22}},"locations":[{"start":{"line":2,"column":0},"end":{"line":2,"column":22}}]},"63":{"type":"branch","line":2,"loc":{"start":{"line":2,"column":0},"end":{"line":2,"column":22}},"locations":[{"start":{"line":2,"column":0},"end":{"line":2,"column":22}}]},"64":{"type":"branch","line":2,"loc":{"start":{"line":2,"column":0},"end":{"line":2,"column":22}},"locations":[{"start":{"line":2,"column":0},"end":{"line":2,"column":22}}]},"65":{"type":"branch","line":2,"loc":{"start":{"line":2,"column":0},"end":{"line":2,"column":22}},"locations":[{"start":{"line":2,"column":0},"end":{"line":2,"column":22}}]},"66":{"type":"branch","line":2,"loc":{"start":{"line":2,"column":0},"end":{"line":2,"column":22}},"locations":[{"start":{"line":2,"column":0},"end":{"line":2,"column":22}}]},"67":{"type":"branch","line":2,"loc":{"start":{"line":2,"column":0},"end":{"line":2,"column":22}},"locations":[{"start":{"line":2,"column":0},"end":{"line":2,"column":22}}]},"68":{"type":"branch","line":2,"loc":{"start":{"line":2,"column":0},"end":{"line":2,"column":22}},"locations":[{"start":{"line":2,"column":0},"end":{"line":2,"column":22}}]},"69":{"type":"branch","line":2,"loc":{"start":{"line":2,"column":0},"end":{"line":2,"column":22}},"locations":[{"start":{"line":2,"column":0},"end":{"line":2,"column":22}}]},"70":{"type":"branch","line":2,"loc":{"start":{"line":2,"column":0},"end":{"line":2,"column":22}},"locations":[{"start":{"line":2,"column":0},"end":{"line":2,"column":22}}]},"71":{"type":"branch","line":2,"loc":{"start":{"line":2,"column":0},"end":{"line":2,"column":22}},"locations":[{"start":{"line":2,"column":0},"end":{"line":2,"column":22}}]},"72":{"type":"branch","line":2,"loc":{"start":{"line":2,"column":0},"end":{"line":2,"column":22}},"locations":[{"start":{"line":2,"column":0},"end":{"line":2,"column":22}}]},"73":{"type":"branch","line":2,"loc":{"start":{"line":2,"column":0},"end":{"line":2,"column":22}},"locations":[{"start":{"line":2,"column":0},"end":{"line":2,"column":22}}]},"74":{"type":"branch","line":2,"loc":{"start":{"line":2,"column":0},"end":{"line":2,"column":22}},"locations":[{"start":{"line":2,"column":0},"end":{"line":2,"column":22}}]},"75":{"type":"branch","line":2,"loc":{"start":{"line":2,"column":0},"end":{"line":2,"column":22}},"locations":[{"start":{"line":2,"column":0},"end":{"line":2,"column":22}}]},"76":{"type":"branch","line":2,"loc":{"start":{"line":2,"column":0},"end":{"line":2,"column":22}},"locations":[{"start":{"line":2,"column":0},"end":{"line":2,"column":22}}]},"77":{"type":"branch","line":2,"loc":{"start":{"line":2,"column":0},"end":{"line":2,"column":22}},"locations":[{"start":{"line":2,"column":0},"end":{"line":2,"column":22}}]},"78":{"type":"branch","line":2,"loc":{"start":{"line":2,"column":0},"end":{"line":2,"column":22}},"locations":[{"start":{"line":2,"column":0},"end":{"line":2,"column":22}}]},"79":{"type":"branch","line":2,"loc":{"start":{"line":2,"column":0},"end":{"line":2,"column":22}},"locations":[{"start":{"line":2,"column":0},"end":{"line":2,"column":22}}]},"80":{"type":"branch","line":2,"loc":{"start":{"line":2,"column":0},"end":{"line":2,"column":22}},"locations":[{"start":{"line":2,"column":0},"end":{"line":2,"column":22}}]},"81":{"type":"branch","line":2,"loc":{"start":{"line":2,"column":0},"end":{"line":2,"column":22}},"locations":[{"start":{"line":2,"column":0},"end":{"line":2,"column":22}}]},"82":{"type":"branch","line":2,"loc":{"start":{"line":2,"column":0},"end":{"line":2,"column":22}},"locations":[{"start":{"line":2,"column":0},"end":{"line":2,"column":22}}]},"83":{"type":"branch","line":2,"loc":{"start":{"line":2,"column":0},"end":{"line":2,"column":22}},"locations":[{"start":{"line":2,"column":0},"end":{"line":2,"column":22}}]},"84":{"type":"branch","line":12,"loc":{"start":{"line":12,"column":0},"end":{"line":14,"column":36}},"locations":[{"start":{"line":12,"column":0},"end":{"line":14,"column":36}}]},"85":{"type":"branch","line":14,"loc":{"start":{"line":14,"column":35},"end":{"line":46,"column":1}},"locations":[{"start":{"line":14,"column":35},"end":{"line":46,"column":1}}]},"86":{"type":"branch","line":14,"loc":{"start":{"line":14,"column":7},"end":{"line":44,"column":61}},"locations":[{"start":{"line":14,"column":7},"end":{"line":44,"column":61}}]},"87":{"type":"branch","line":14,"loc":{"start":{"line":14,"column":59},"end":{"line":44,"column":61}},"locations":[{"start":{"line":14,"column":59},"end":{"line":44,"column":61}}]},"88":{"type":"branch","line":14,"loc":{"start":{"line":14,"column":59},"end":{"line":44,"column":61}},"locations":[{"start":{"line":14,"column":59},"end":{"line":44,"column":61}}]},"89":{"type":"branch","line":14,"loc":{"start":{"line":14,"column":59},"end":{"line":17,"column":52}},"locations":[{"start":{"line":14,"column":59},"end":{"line":17,"column":52}}]},"90":{"type":"branch","line":16,"loc":{"start":{"line":16,"column":43},"end":{"line":16,"column":46}},"locations":[{"start":{"line":16,"column":43},"end":{"line":16,"column":46}}]},"91":{"type":"branch","line":16,"loc":{"start":{"line":16,"column":43},"end":{"line":17,"column":52}},"locations":[{"start":{"line":16,"column":43},"end":{"line":17,"column":52}}]},"92":{"type":"branch","line":17,"loc":{"start":{"line":17,"column":51},"end":{"line":20,"column":51}},"locations":[{"start":{"line":17,"column":51},"end":{"line":20,"column":51}}]},"93":{"type":"branch","line":19,"loc":{"start":{"line":19,"column":50},"end":{"line":19,"column":85}},"locations":[{"start":{"line":19,"column":50},"end":{"line":19,"column":85}}]},"94":{"type":"branch","line":19,"loc":{"start":{"line":19,"column":85},"end":{"line":20,"column":51}},"locations":[{"start":{"line":19,"column":85},"end":{"line":20,"column":51}}]},"95":{"type":"branch","line":20,"loc":{"start":{"line":20,"column":50},"end":{"line":43,"column":62}},"locations":[{"start":{"line":20,"column":50},"end":{"line":43,"column":62}}]},"96":{"type":"branch","line":25,"loc":{"start":{"line":25,"column":37},"end":{"line":41,"column":5}},"locations":[{"start":{"line":25,"column":37},"end":{"line":41,"column":5}}]},"97":{"type":"branch","line":28,"loc":{"start":{"line":28,"column":25},"end":{"line":37,"column":13}},"locations":[{"start":{"line":28,"column":25},"end":{"line":37,"column":13}}]},"98":{"type":"branch","line":34,"loc":{"start":{"line":34,"column":40},"end":{"line":34,"column":45}},"locations":[{"start":{"line":34,"column":40},"end":{"line":34,"column":45}}]},"99":{"type":"branch","line":37,"loc":{"start":{"line":37,"column":13},"end":{"line":39,"column":13}},"locations":[{"start":{"line":37,"column":13},"end":{"line":39,"column":13}}]},"100":{"type":"branch","line":42,"loc":{"start":{"line":42,"column":4},"end":{"line":42,"column":38}},"locations":[{"start":{"line":42,"column":4},"end":{"line":42,"column":38}}]},"101":{"type":"branch","line":43,"loc":{"start":{"line":43,"column":61},"end":{"line":44,"column":61}},"locations":[{"start":{"line":43,"column":61},"end":{"line":44,"column":61}}]},"102":{"type":"branch","line":44,"loc":{"start":{"line":44,"column":30},"end":{"line":44,"column":61}},"locations":[{"start":{"line":44,"column":30},"end":{"line":44,"column":61}}]},"103":{"type":"branch","line":44,"loc":{"start":{"line":44,"column":30},"end":{"line":44,"column":61}},"locations":[{"start":{"line":44,"column":30},"end":{"line":44,"column":61}}]}},"b":{"0":[2],"1":[0],"2":[0],"3":[0],"4":[0],"5":[0],"6":[0],"7":[4],"8":[26],"9":[4],"10":[0],"11":[11],"12":[2],"13":[4],"14":[12],"15":[7],"16":[4],"17":[7],"18":[0],"19":[0],"20":[12],"21":[0],"22":[7],"23":[5],"24":[2],"25":[0],"26":[3],"27":[11],"28":[9],"29":[3],"30":[6],"31":[3],"32":[6],"33":[2],"34":[4],"35":[4],"36":[2],"37":[0],"38":[0],"39":[0],"40":[2],"41":[0],"42":[4],"43":[0],"44":[4],"45":[1],"46":[3],"47":[2],"48":[1],"49":[0],"50":[1],"51":[0],"52":[6],"53":[0],"54":[0],"55":[0],"56":[0],"57":[0],"58":[0],"59":[0],"60":[0],"61":[0],"62":[6],"63":[0],"64":[0],"65":[0],"66":[3],"67":[0],"68":[0],"69":[3],"70":[15],"71":[3],"72":[0],"73":[0],"74":[0],"75":[7],"76":[1],"77":[6],"78":[3],"79":[3],"80":[2],"81":[4],"82":[4],"83":[7],"84":[4],"85":[2],"86":[4],"87":[11],"88":[17],"89":[4],"90":[3],"91":[1],"92":[3],"93":[0],"94":[0],"95":[3],"96":[12],"97":[8],"98":[2],"99":[4],"100":[0],"101":[3],"102":[0],"103":[4]},"fnMap":{"0":{"name":"_regeneratorRuntime","decl":{"start":{"line":2,"column":-1},"end":{"line":2,"column":22}},"loc":{"start":{"line":2,"column":-1},"end":{"line":2,"column":22}},"line":2},"1":{"name":"_regeneratorRuntime","decl":{"start":{"line":2,"column":0},"end":{"line":2,"column":22}},"loc":{"start":{"line":2,"column":0},"end":{"line":2,"column":22}},"line":2},"2":{"name":"o","decl":{"start":{"line":2,"column":0},"end":{"line":2,"column":22}},"loc":{"start":{"line":2,"column":0},"end":{"line":2,"column":22}},"line":2},"3":{"name":"define","decl":{"start":{"line":2,"column":0},"end":{"line":2,"column":22}},"loc":{"start":{"line":2,"column":0},"end":{"line":2,"column":22}},"line":2},"4":{"name":"define","decl":{"start":{"line":2,"column":0},"end":{"line":2,"column":22}},"loc":{"start":{"line":2,"column":0},"end":{"line":2,"column":22}},"line":2},"5":{"name":"wrap","decl":{"start":{"line":2,"column":0},"end":{"line":2,"column":22}},"loc":{"start":{"line":2,"column":0},"end":{"line":2,"column":22}},"line":2},"6":{"name":"tryCatch","decl":{"start":{"line":2,"column":0},"end":{"line":2,"column":22}},"loc":{"start":{"line":2,"column":0},"end":{"line":2,"column":22}},"line":2},"7":{"name":"Generator","decl":{"start":{"line":2,"column":0},"end":{"line":2,"column":22}},"loc":{"start":{"line":2,"column":0},"end":{"line":2,"column":22}},"line":2},"8":{"name":"GeneratorFunction","decl":{"start":{"line":2,"column":0},"end":{"line":2,"column":22}},"loc":{"start":{"line":2,"column":0},"end":{"line":2,"column":22}},"line":2},"9":{"name":"GeneratorFunctionPrototype","decl":{"start":{"line":2,"column":0},"end":{"line":2,"column":22}},"loc":{"start":{"line":2,"column":0},"end":{"line":2,"column":22}},"line":2},"10":{"name":"defineIteratorMethods","decl":{"start":{"line":2,"column":0},"end":{"line":2,"column":22}},"loc":{"start":{"line":2,"column":0},"end":{"line":2,"column":22}},"line":2},"11":{"name":"AsyncIterator","decl":{"start":{"line":2,"column":0},"end":{"line":2,"column":22}},"loc":{"start":{"line":2,"column":0},"end":{"line":2,"column":22}},"line":2},"12":{"name":"makeInvokeMethod","decl":{"start":{"line":2,"column":0},"end":{"line":2,"column":22}},"loc":{"start":{"line":2,"column":0},"end":{"line":2,"column":22}},"line":2},"13":{"name":"maybeInvokeDelegate","decl":{"start":{"line":2,"column":0},"end":{"line":2,"column":22}},"loc":{"start":{"line":2,"column":0},"end":{"line":2,"column":22}},"line":2},"14":{"name":"pushTryEntry","decl":{"start":{"line":2,"column":0},"end":{"line":2,"column":22}},"loc":{"start":{"line":2,"column":0},"end":{"line":2,"column":22}},"line":2},"15":{"name":"resetTryEntry","decl":{"start":{"line":2,"column":0},"end":{"line":2,"column":22}},"loc":{"start":{"line":2,"column":0},"end":{"line":2,"column":22}},"line":2},"16":{"name":"Context","decl":{"start":{"line":2,"column":0},"end":{"line":2,"column":22}},"loc":{"start":{"line":2,"column":0},"end":{"line":2,"column":22}},"line":2},"17":{"name":"values","decl":{"start":{"line":2,"column":0},"end":{"line":2,"column":22}},"loc":{"start":{"line":2,"column":0},"end":{"line":2,"column":22}},"line":2},"18":{"name":"next","decl":{"start":{"line":2,"column":0},"end":{"line":2,"column":22}},"loc":{"start":{"line":2,"column":0},"end":{"line":2,"column":22}},"line":2},"19":{"name":"e.isGeneratorFunction","decl":{"start":{"line":2,"column":0},"end":{"line":2,"column":22}},"loc":{"start":{"line":2,"column":0},"end":{"line":2,"column":22}},"line":2},"20":{"name":"e.mark","decl":{"start":{"line":2,"column":0},"end":{"line":2,"column":22}},"loc":{"start":{"line":2,"column":0},"end":{"line":2,"column":22}},"line":2},"21":{"name":"e.awrap","decl":{"start":{"line":2,"column":0},"end":{"line":2,"column":22}},"loc":{"start":{"line":2,"column":0},"end":{"line":2,"column":22}},"line":2},"22":{"name":"e.async","decl":{"start":{"line":2,"column":0},"end":{"line":2,"column":22}},"loc":{"start":{"line":2,"column":0},"end":{"line":2,"column":22}},"line":2},"23":{"name":"e.keys","decl":{"start":{"line":2,"column":0},"end":{"line":2,"column":22}},"loc":{"start":{"line":2,"column":0},"end":{"line":2,"column":22}},"line":2},"24":{"name":"reset","decl":{"start":{"line":2,"column":0},"end":{"line":2,"column":22}},"loc":{"start":{"line":2,"column":0},"end":{"line":2,"column":22}},"line":2},"25":{"name":"stop","decl":{"start":{"line":2,"column":0},"end":{"line":2,"column":22}},"loc":{"start":{"line":2,"column":0},"end":{"line":2,"column":22}},"line":2},"26":{"name":"dispatchException","decl":{"start":{"line":2,"column":0},"end":{"line":2,"column":22}},"loc":{"start":{"line":2,"column":0},"end":{"line":2,"column":22}},"line":2},"27":{"name":"handle","decl":{"start":{"line":2,"column":0},"end":{"line":2,"column":22}},"loc":{"start":{"line":2,"column":0},"end":{"line":2,"column":22}},"line":2},"28":{"name":"abrupt","decl":{"start":{"line":2,"column":0},"end":{"line":2,"column":22}},"loc":{"start":{"line":2,"column":0},"end":{"line":2,"column":22}},"line":2},"29":{"name":"complete","decl":{"start":{"line":2,"column":0},"end":{"line":2,"column":22}},"loc":{"start":{"line":2,"column":0},"end":{"line":2,"column":22}},"line":2},"30":{"name":"finish","decl":{"start":{"line":2,"column":0},"end":{"line":2,"column":22}},"loc":{"start":{"line":2,"column":0},"end":{"line":2,"column":22}},"line":2},"31":{"name":"_catch","decl":{"start":{"line":2,"column":0},"end":{"line":2,"column":22}},"loc":{"start":{"line":2,"column":0},"end":{"line":2,"column":22}},"line":2},"32":{"name":"delegateYield","decl":{"start":{"line":2,"column":0},"end":{"line":2,"column":22}},"loc":{"start":{"line":2,"column":0},"end":{"line":2,"column":22}},"line":2},"33":{"name":"_createForOfIteratorHelper","decl":{"start":{"line":2,"column":0},"end":{"line":2,"column":22}},"loc":{"start":{"line":2,"column":0},"end":{"line":2,"column":22}},"line":2},"34":{"name":"F","decl":{"start":{"line":2,"column":0},"end":{"line":2,"column":22}},"loc":{"start":{"line":2,"column":0},"end":{"line":2,"column":22}},"line":2},"35":{"name":"n","decl":{"start":{"line":2,"column":0},"end":{"line":2,"column":22}},"loc":{"start":{"line":2,"column":0},"end":{"line":2,"column":22}},"line":2},"36":{"name":"e","decl":{"start":{"line":2,"column":0},"end":{"line":2,"column":22}},"loc":{"start":{"line":2,"column":0},"end":{"line":2,"column":22}},"line":2},"37":{"name":"s","decl":{"start":{"line":2,"column":0},"end":{"line":2,"column":22}},"loc":{"start":{"line":2,"column":0},"end":{"line":2,"column":22}},"line":2},"38":{"name":"n","decl":{"start":{"line":2,"column":0},"end":{"line":2,"column":22}},"loc":{"start":{"line":2,"column":0},"end":{"line":2,"column":22}},"line":2},"39":{"name":"e","decl":{"start":{"line":2,"column":0},"end":{"line":2,"column":22}},"loc":{"start":{"line":2,"column":0},"end":{"line":2,"column":22}},"line":2},"40":{"name":"f","decl":{"start":{"line":2,"column":0},"end":{"line":2,"column":22}},"loc":{"start":{"line":2,"column":0},"end":{"line":2,"column":22}},"line":2},"41":{"name":"_unsupportedIterableToArray","decl":{"start":{"line":2,"column":0},"end":{"line":2,"column":22}},"loc":{"start":{"line":2,"column":0},"end":{"line":2,"column":22}},"line":2},"42":{"name":"_arrayLikeToArray","decl":{"start":{"line":2,"column":0},"end":{"line":2,"column":22}},"loc":{"start":{"line":2,"column":0},"end":{"line":2,"column":22}},"line":2},"43":{"name":"asyncGeneratorStep","decl":{"start":{"line":2,"column":0},"end":{"line":2,"column":22}},"loc":{"start":{"line":2,"column":0},"end":{"line":2,"column":22}},"line":2},"44":{"name":"_asyncToGenerator","decl":{"start":{"line":2,"column":0},"end":{"line":2,"column":22}},"loc":{"start":{"line":2,"column":0},"end":{"line":2,"column":22}},"line":2},"45":{"name":"_next","decl":{"start":{"line":2,"column":0},"end":{"line":2,"column":22}},"loc":{"start":{"line":2,"column":0},"end":{"line":2,"column":22}},"line":2},"46":{"name":"_throw","decl":{"start":{"line":2,"column":0},"end":{"line":2,"column":22}},"loc":{"start":{"line":2,"column":0},"end":{"line":2,"column":22}},"line":2},"47":{"name":"processOrders","decl":{"start":{"line":12,"column":0},"end":{"line":14,"column":36}},"loc":{"start":{"line":12,"column":0},"end":{"line":14,"column":36}},"line":12},"48":{"name":"_processOrders","decl":{"start":{"line":14,"column":35},"end":{"line":46,"column":1}},"loc":{"start":{"line":14,"column":35},"end":{"line":46,"column":1}},"line":14},"49":{"name":"_callee","decl":{"start":{"line":14,"column":7},"end":{"line":44,"column":61}},"loc":{"start":{"line":14,"column":7},"end":{"line":44,"column":61}},"line":14},"50":{"name":"_callee$","decl":{"start":{"line":14,"column":59},"end":{"line":44,"column":61}},"loc":{"start":{"line":14,"column":59},"end":{"line":44,"column":61}},"line":14}},"f":{"0":2,"1":4,"2":0,"3":26,"4":0,"5":4,"6":11,"7":0,"8":0,"9":0,"10":4,"11":0,"12":4,"13":0,"14":0,"15":4,"16":4,"17":2,"18":0,"19":0,"20":2,"21":0,"22":0,"23":0,"24":4,"25":4,"26":2,"27":1,"28":6,"29":6,"30":0,"31":0,"32":0,"33":3,"34":0,"35":0,"36":0,"37":3,"38":15,"39":0,"40":3,"41":0,"42":0,"43":7,"44":2,"45":7,"46":0,"47":4,"48":2,"49":4,"50":11}}
,"/Users/philip/Documents/GitHub/Fooda/processor/rewardsProcessor.mjs": {"path":"/Users/philip/Documents/GitHub/Fooda/processor/rewardsProcessor.mjs","all":false,"statementMap":{"0":{"start":{"line":1,"column":0},"end":{"line":1,"column":60}},"1":{"start":{"line":2,"column":0},"end":{"line":2,"column":0}},"2":{"start":{"line":3,"column":0},"end":{"line":3,"column":48}},"3":{"start":{"line":4,"column":0},"end":{"line":4,"column":0}},"4":{"start":{"line":5,"column":0},"end":{"line":5,"column":80}},"5":{"start":{"line":6,"column":0},"end":{"line":6,"column":0}},"6":{"start":{"line":7,"column":0},"end":{"line":7,"column":56}},"7":{"start":{"line":8,"column":0},"end":{"line":8,"column":57}},"8":{"start":{"line":9,"column":0},"end":{"line":9,"column":0}},"9":{"start":{"line":10,"column":0},"end":{"line":10,"column":121}},"10":{"start":{"line":11,"column":0},"end":{"line":11,"column":0}},"11":{"start":{"line":12,"column":0},"end":{"line":12,"column":49}},"12":{"start":{"line":13,"column":0},"end":{"line":13,"column":51}},"13":{"start":{"line":14,"column":0},"end":{"line":14,"column":0}},"14":{"start":{"line":15,"column":0},"end":{"line":15,"column":38}},"15":{"start":{"line":16,"column":0},"end":{"line":16,"column":63}},"16":{"start":{"line":17,"column":0},"end":{"line":17,"column":44}},"17":{"start":{"line":18,"column":0},"end":{"line":18,"column":59}},"18":{"start":{"line":19,"column":0},"end":{"line":19,"column":59}},"19":{"start":{"line":20,"column":0},"end":{"line":20,"column":52}},"20":{"start":{"line":21,"column":0},"end":{"line":21,"column":0}},"21":{"start":{"line":22,"column":0},"end":{"line":22,"column":105}},"22":{"start":{"line":23,"column":0},"end":{"line":23,"column":63}},"23":{"start":{"line":24,"column":0},"end":{"line":24,"column":0}},"24":{"start":{"line":25,"column":0},"end":{"line":25,"column":128}},"25":{"start":{"line":26,"column":0},"end":{"line":26,"column":0}},"26":{"start":{"line":27,"column":0},"end":{"line":27,"column":69}},"27":{"start":{"line":28,"column":0},"end":{"line":28,"column":38}},"28":{"start":{"line":29,"column":0},"end":{"line":29,"column":98}},"29":{"start":{"line":30,"column":0},"end":{"line":30,"column":4}},"30":{"start":{"line":31,"column":0},"end":{"line":31,"column":69}},"31":{"start":{"line":32,"column":0},"end":{"line":32,"column":104}},"32":{"start":{"line":33,"column":0},"end":{"line":33,"column":0}},"33":{"start":{"line":34,"column":0},"end":{"line":34,"column":85}},"34":{"start":{"line":35,"column":0},"end":{"line":35,"column":54}},"35":{"start":{"line":36,"column":0},"end":{"line":36,"column":0}},"36":{"start":{"line":37,"column":0},"end":{"line":37,"column":77}},"37":{"start":{"line":38,"column":0},"end":{"line":38,"column":80}},"38":{"start":{"line":39,"column":0},"end":{"line":39,"column":76}},"39":{"start":{"line":40,"column":0},"end":{"line":40,"column":0}},"40":{"start":{"line":41,"column":0},"end":{"line":41,"column":73}},"41":{"start":{"line":42,"column":0},"end":{"line":42,"column":66}},"42":{"start":{"line":43,"column":0},"end":{"line":43,"column":58}},"43":{"start":{"line":44,"column":0},"end":{"line":44,"column":0}},"44":{"start":{"line":45,"column":0},"end":{"line":45,"column":185}},"45":{"start":{"line":46,"column":0},"end":{"line":46,"column":0}},"46":{"start":{"line":47,"column":0},"end":{"line":47,"column":46}},"47":{"start":{"line":48,"column":0},"end":{"line":48,"column":108}},"48":{"start":{"line":49,"column":0},"end":{"line":49,"column":21}},"49":{"start":{"line":50,"column":0},"end":{"line":50,"column":73}},"50":{"start":{"line":51,"column":0},"end":{"line":51,"column":17}},"51":{"start":{"line":52,"column":0},"end":{"line":52,"column":13}},"52":{"start":{"line":53,"column":0},"end":{"line":53,"column":16}},"53":{"start":{"line":54,"column":0},"end":{"line":54,"column":80}},"54":{"start":{"line":55,"column":0},"end":{"line":55,"column":85}},"55":{"start":{"line":56,"column":0},"end":{"line":56,"column":9}},"56":{"start":{"line":57,"column":0},"end":{"line":57,"column":5}},"57":{"start":{"line":58,"column":0},"end":{"line":58,"column":0}},"58":{"start":{"line":59,"column":0},"end":{"line":59,"column":23}},"59":{"start":{"line":60,"column":0},"end":{"line":60,"column":0}},"60":{"start":{"line":61,"column":0},"end":{"line":61,"column":1}}},"s":{"0":1,"1":2,"2":1,"3":3,"4":3,"5":3,"6":3,"7":3,"8":3,"9":3,"10":3,"11":3,"12":3,"13":3,"14":3,"15":12,"16":12,"17":12,"18":12,"19":12,"20":12,"21":12,"22":12,"23":12,"24":15,"25":15,"26":15,"27":9,"28":9,"29":9,"30":9,"31":9,"32":9,"33":9,"34":9,"35":12,"36":12,"37":12,"38":12,"39":12,"40":15,"41":6,"42":15,"43":15,"44":15,"45":15,"46":15,"47":6,"48":6,"49":3,"50":3,"51":3,"52":3,"53":3,"54":3,"55":3,"56":3,"57":3,"58":3,"59":2,"60":2},"branchMap":{"0":{"type":"branch","line":2,"loc":{"start":{"line":2,"column":-1},"end":{"line":2,"column":0}},"locations":[{"start":{"line":2,"column":-1},"end":{"line":2,"column":0}}]},"1":{"type":"branch","line":3,"loc":{"start":{"line":3,"column":-1},"end":{"line":3,"column":37}},"locations":[{"start":{"line":3,"column":-1},"end":{"line":3,"column":37}}]},"2":{"type":"branch","line":3,"loc":{"start":{"line":3,"column":36},"end":{"line":61,"column":1}},"locations":[{"start":{"line":3,"column":36},"end":{"line":61,"column":1}}]},"3":{"type":"branch","line":3,"loc":{"start":{"line":3,"column":7},"end":{"line":59,"column":23}},"locations":[{"start":{"line":3,"column":7},"end":{"line":59,"column":23}}]},"4":{"type":"branch","line":3,"loc":{"start":{"line":3,"column":45},"end":{"line":59,"column":23}},"locations":[{"start":{"line":3,"column":45},"end":{"line":59,"column":23}}]},"5":{"type":"branch","line":3,"loc":{"start":{"line":3,"column":45},"end":{"line":59,"column":23}},"locations":[{"start":{"line":3,"column":45},"end":{"line":59,"column":23}}]},"6":{"type":"branch","line":3,"loc":{"start":{"line":3,"column":45},"end":{"line":13,"column":51}},"locations":[{"start":{"line":3,"column":45},"end":{"line":13,"column":51}}]},"7":{"type":"branch","line":10,"loc":{"start":{"line":10,"column":115},"end":{"line":10,"column":120}},"locations":[{"start":{"line":10,"column":115},"end":{"line":10,"column":120}}]},"8":{"type":"branch","line":13,"loc":{"start":{"line":13,"column":50},"end":{"line":15,"column":38}},"locations":[{"start":{"line":13,"column":50},"end":{"line":15,"column":38}}]},"9":{"type":"branch","line":15,"loc":{"start":{"line":15,"column":35},"end":{"line":35,"column":54}},"locations":[{"start":{"line":15,"column":35},"end":{"line":35,"column":54}}]},"10":{"type":"branch","line":15,"loc":{"start":{"line":15,"column":35},"end":{"line":15,"column":38}},"locations":[{"start":{"line":15,"column":35},"end":{"line":15,"column":38}}]},"11":{"type":"branch","line":15,"loc":{"start":{"line":15,"column":35},"end":{"line":25,"column":83}},"locations":[{"start":{"line":15,"column":35},"end":{"line":25,"column":83}}]},"12":{"type":"branch","line":25,"loc":{"start":{"line":25,"column":77},"end":{"line":25,"column":82}},"locations":[{"start":{"line":25,"column":77},"end":{"line":25,"column":82}}]},"13":{"type":"branch","line":25,"loc":{"start":{"line":25,"column":83},"end":{"line":25,"column":98}},"locations":[{"start":{"line":25,"column":83},"end":{"line":25,"column":98}}]},"14":{"type":"branch","line":27,"loc":{"start":{"line":27,"column":37},"end":{"line":27,"column":66}},"locations":[{"start":{"line":27,"column":37},"end":{"line":27,"column":66}}]},"15":{"type":"branch","line":27,"loc":{"start":{"line":27,"column":66},"end":{"line":27,"column":69}},"locations":[{"start":{"line":27,"column":66},"end":{"line":27,"column":69}}]},"16":{"type":"branch","line":27,"loc":{"start":{"line":27,"column":66},"end":{"line":35,"column":54}},"locations":[{"start":{"line":27,"column":66},"end":{"line":35,"column":54}}]},"17":{"type":"branch","line":35,"loc":{"start":{"line":35,"column":51},"end":{"line":49,"column":21}},"locations":[{"start":{"line":35,"column":51},"end":{"line":49,"column":21}}]},"18":{"type":"branch","line":35,"loc":{"start":{"line":35,"column":51},"end":{"line":35,"column":54}},"locations":[{"start":{"line":35,"column":51},"end":{"line":35,"column":54}}]},"19":{"type":"branch","line":35,"loc":{"start":{"line":35,"column":51},"end":{"line":41,"column":48}},"locations":[{"start":{"line":35,"column":51},"end":{"line":41,"column":48}}]},"20":{"type":"branch","line":41,"loc":{"start":{"line":41,"column":44},"end":{"line":41,"column":70}},"locations":[{"start":{"line":41,"column":44},"end":{"line":41,"column":70}}]},"21":{"type":"branch","line":41,"loc":{"start":{"line":41,"column":70},"end":{"line":43,"column":56}},"locations":[{"start":{"line":41,"column":70},"end":{"line":43,"column":56}}]},"22":{"type":"branch","line":43,"loc":{"start":{"line":43,"column":52},"end":{"line":43,"column":57}},"locations":[{"start":{"line":43,"column":52},"end":{"line":43,"column":57}}]},"23":{"type":"branch","line":47,"loc":{"start":{"line":47,"column":45},"end":{"line":49,"column":21}},"locations":[{"start":{"line":47,"column":45},"end":{"line":49,"column":21}}]},"24":{"type":"branch","line":50,"loc":{"start":{"line":50,"column":-1},"end":{"line":55,"column":85}},"locations":[{"start":{"line":50,"column":-1},"end":{"line":55,"column":85}}]},"25":{"type":"branch","line":56,"loc":{"start":{"line":56,"column":-1},"end":{"line":59,"column":23}},"locations":[{"start":{"line":56,"column":-1},"end":{"line":59,"column":23}}]},"26":{"type":"branch","line":59,"loc":{"start":{"line":59,"column":22},"end":{"line":59,"column":23}},"locations":[{"start":{"line":59,"column":22},"end":{"line":59,"column":23}}]},"27":{"type":"branch","line":59,"loc":{"start":{"line":59,"column":22},"end":{"line":59,"column":23}},"locations":[{"start":{"line":59,"column":22},"end":{"line":59,"column":23}}]},"28":{"type":"branch","line":10,"loc":{"start":{"line":10,"column":77},"end":{"line":10,"column":115}},"locations":[{"start":{"line":10,"column":77},"end":{"line":10,"column":115}}]}},"b":{"0":[2],"1":[3],"2":[2],"3":[3],"4":[27],"5":[81],"6":[3],"7":[0],"8":[3],"9":[15],"10":[3],"11":[12],"12":[0],"13":[0],"14":[9],"15":[3],"16":[9],"17":[15],"18":[3],"19":[12],"20":[6],"21":[6],"22":[0],"23":[6],"24":[3],"25":[3],"26":[0],"27":[3],"28":[21]},"fnMap":{"0":{"name":"_regeneratorRuntime","decl":{"start":{"line":2,"column":-1},"end":{"line":2,"column":0}},"loc":{"start":{"line":2,"column":-1},"end":{"line":2,"column":0}},"line":2},"1":{"name":"processRewards","decl":{"start":{"line":3,"column":-1},"end":{"line":3,"column":37}},"loc":{"start":{"line":3,"column":-1},"end":{"line":3,"column":37}},"line":3},"2":{"name":"_processRewards","decl":{"start":{"line":3,"column":36},"end":{"line":61,"column":1}},"loc":{"start":{"line":3,"column":36},"end":{"line":61,"column":1}},"line":3},"3":{"name":"_callee","decl":{"start":{"line":3,"column":7},"end":{"line":59,"column":23}},"loc":{"start":{"line":3,"column":7},"end":{"line":59,"column":23}},"line":3},"4":{"name":"_callee$","decl":{"start":{"line":3,"column":45},"end":{"line":59,"column":23}},"loc":{"start":{"line":3,"column":45},"end":{"line":59,"column":23}},"line":3}},"f":{"0":2,"1":3,"2":2,"3":3,"4":27}}
}
