TN:
SF:controllers/eventController.mjs
FN:2,_createForOfIteratorHelper
FN:2,F
FN:2,n
FN:2,e
FN:2,s
FN:2,n
FN:2,e
FN:2,f
FN:2,_unsupportedIterableToArray
FN:2,_arrayLikeToArray
FN:2,asyncGeneratorStep
FN:2,_asyncToGenerator
FN:2,_next
FN:2,_throw
FN:2,processEvent
FN:7,_processEvent
FN:7,_callee
FN:7,_callee$
FNF:18
FNH:11
FNDA:1,_createForOfIteratorHelper
FNDA:0,F
FNDA:0,n
FNDA:0,e
FNDA:1,s
FNDA:4,n
FNDA:0,e
FNDA:1,f
FNDA:0,_unsupportedIterableToArray
FNDA:0,_arrayLikeToArray
FNDA:7,asyncGeneratorStep
FNDA:1,_asyncToGenerator
FNDA:7,_next
FNDA:0,_throw
FNDA:2,processEvent
FNDA:1,_processEvent
FNDA:2,_callee
FNDA:10,_callee$
DA:1,1
DA:2,2
DA:3,2
DA:4,2
DA:5,2
DA:6,2
DA:7,1
DA:8,2
DA:9,1
DA:10,1
DA:11,1
DA:12,1
DA:13,1
DA:14,1
DA:15,1
DA:16,1
DA:17,1
DA:18,1
DA:19,1
DA:20,1
DA:21,1
DA:22,1
DA:23,1
DA:24,1
DA:25,1
DA:26,1
DA:27,1
DA:28,1
DA:29,1
DA:30,7
DA:31,3
DA:32,3
DA:33,1
DA:34,1
DA:35,1
DA:36,1
DA:37,1
DA:38,1
DA:39,1
DA:40,1
DA:41,1
DA:42,1
DA:43,1
DA:44,4
DA:45,4
DA:46,2
DA:47,2
DA:48,4
DA:49,4
DA:50,1
DA:51,1
DA:52,1
DA:53,2
DA:54,2
DA:55,2
DA:56,2
DA:57,2
DA:58,1
DA:59,1
DA:60,1
DA:61,1
DA:62,3
DA:63,3
DA:64,2
DA:65,2
DA:66,2
DA:67,3
DA:68,1
DA:69,1
DA:70,1
DA:71,1
DA:72,3
DA:73,1
DA:74,1
DA:75,1
DA:76,2
DA:77,1
DA:78,0
DA:79,0
DA:80,0
DA:81,1
DA:82,1
DA:83,1
DA:84,1
DA:85,1
DA:86,1
DA:87,1
LF:87
LH:84
BRDA:2,0,0,1
BRDA:2,1,0,0
BRDA:2,2,0,0
BRDA:2,3,0,1
BRDA:2,4,0,4
BRDA:2,5,0,1
BRDA:2,6,0,0
BRDA:2,7,0,0
BRDA:2,8,0,0
BRDA:2,9,0,7
BRDA:2,10,0,1
BRDA:2,11,0,6
BRDA:2,12,0,1
BRDA:2,13,0,5
BRDA:2,14,0,1
BRDA:2,15,0,2
BRDA:2,16,0,2
BRDA:2,17,0,7
BRDA:2,18,0,2
BRDA:7,19,0,1
BRDA:7,20,0,2
BRDA:7,21,0,10
BRDA:7,22,0,12
BRDA:7,23,0,2
BRDA:8,24,0,1
BRDA:8,25,0,1
BRDA:8,26,0,1
BRDA:9,27,0,1
BRDA:16,28,0,1
BRDA:19,29,0,1
BRDA:23,30,0,1
BRDA:26,31,0,1
BRDA:52,32,0,2
BRDA:61,33,0,3
BRDA:63,34,0,2
BRDA:67,35,0,1
BRDA:74,36,0,0
BRDA:78,37,0,0
BRDA:81,38,0,1
BRDA:83,39,0,1
BRDA:83,40,0,1
BRDA:86,41,0,0
BRDA:86,42,0,2
BRDA:29,43,0,7
BRDA:30,44,0,3
BRDA:30,45,0,3
BRDA:35,46,0,7
BRDA:43,47,0,4
BRDA:45,48,0,2
BRDA:59,49,0,7
BRDA:75,50,0,2
BRDA:76,51,0,0
BRF:52
BRH:43
end_of_record
TN:
SF:datalayer/account.mjs
FN:3,getAccounts
FN:7,insertAccounts
FNF:2
FNH:2
FNDA:2,getAccounts
FNDA:1,insertAccounts
DA:1,1
DA:2,1
DA:3,1
DA:4,2
DA:5,2
DA:6,2
DA:7,1
DA:8,1
DA:9,1
DA:10,1
DA:11,1
DA:12,1
DA:13,1
LF:13
LH:13
BRDA:3,0,0,2
BRDA:7,1,0,1
BRDA:10,2,0,2
BRF:3
BRH:3
end_of_record
TN:
SF:datalayer/connection.mjs
FN:21,openConnecton
FN:25,closeConnection
FNF:2
FNH:2
FNDA:7,openConnecton
FNDA:7,closeConnection
DA:1,1
DA:2,1
DA:3,1
DA:4,1
DA:5,1
DA:6,1
DA:7,1
DA:8,1
DA:9,1
DA:10,1
DA:11,1
DA:12,1
DA:13,1
DA:14,1
DA:15,1
DA:16,1
DA:17,1
DA:18,1
DA:19,1
DA:20,1
DA:21,1
DA:22,7
DA:23,7
DA:24,1
DA:25,1
DA:26,7
DA:27,7
DA:28,1
DA:29,1
LF:29
LH:29
BRDA:21,0,0,7
BRDA:25,1,0,7
BRF:2
BRH:2
end_of_record
TN:
SF:datalayer/order.mjs
FN:2,_regeneratorRuntime
FN:3,insertOrders
FN:3,_insertOrders
FN:3,_callee
FN:3,_callee$
FNF:5
FNH:5
FNDA:2,_regeneratorRuntime
FNDA:3,insertOrders
FNDA:2,_insertOrders
FNDA:3,_callee
FNDA:6,_callee$
DA:1,1
DA:2,2
DA:3,1
DA:4,3
DA:5,3
DA:6,3
DA:7,3
DA:8,3
DA:9,3
DA:10,3
DA:11,3
DA:12,3
DA:13,3
DA:14,3
DA:15,3
DA:16,3
DA:17,2
LF:17
LH:17
BRDA:2,0,0,2
BRDA:3,1,0,3
BRDA:3,2,0,2
BRDA:3,3,0,3
BRDA:3,4,0,6
BRDA:3,5,0,3
BRDA:16,6,0,0
BRDA:16,7,0,3
BRDA:11,8,0,8
BRDA:11,9,0,2
BRF:10
BRH:9
end_of_record
TN:
SF:datalayer/rewards.mjs
FN:3,getRewardsConfig
FNF:1
FNH:1
FNDA:3,getRewardsConfig
DA:1,1
DA:2,1
DA:3,1
DA:4,3
DA:5,3
DA:6,3
DA:7,3
LF:7
LH:7
BRDA:3,0,0,3
BRF:1
BRH:1
end_of_record
TN:
SF:mocks/testJson.mjs
FN:3,getJson
FN:50,getCustomerMap
FN:57,getAccounts
FN:64,getOrders
FN:100,getSavedOrders
FN:115,getRewardsConfig
FNF:6
FNH:6
FNDA:4,getJson
FNDA:2,getCustomerMap
FNDA:2,getAccounts
FNDA:2,getOrders
FNDA:5,getSavedOrders
FNDA:3,getRewardsConfig
DA:1,1
DA:2,1
DA:3,1
DA:4,4
DA:5,4
DA:6,4
DA:7,4
DA:8,4
DA:9,4
DA:10,4
DA:11,4
DA:12,4
DA:13,4
DA:14,4
DA:15,4
DA:16,4
DA:17,4
DA:18,4
DA:19,4
DA:20,4
DA:21,4
DA:22,4
DA:23,4
DA:24,4
DA:25,4
DA:26,4
DA:27,4
DA:28,4
DA:29,4
DA:30,4
DA:31,4
DA:32,4
DA:33,4
DA:34,4
DA:35,4
DA:36,4
DA:37,4
DA:38,4
DA:39,4
DA:40,4
DA:41,4
DA:42,4
DA:43,4
DA:44,4
DA:45,4
DA:46,4
DA:47,4
DA:48,4
DA:49,4
DA:50,1
DA:51,2
DA:52,2
DA:53,2
DA:54,2
DA:55,2
DA:56,2
DA:57,1
DA:58,2
DA:59,2
DA:60,2
DA:61,2
DA:62,2
DA:63,2
DA:64,1
DA:65,2
DA:66,2
DA:67,2
DA:68,2
DA:69,2
DA:70,2
DA:71,2
DA:72,2
DA:73,2
DA:74,2
DA:75,2
DA:76,2
DA:77,2
DA:78,2
DA:79,2
DA:80,2
DA:81,2
DA:82,2
DA:83,2
DA:84,2
DA:85,2
DA:86,2
DA:87,2
DA:88,2
DA:89,2
DA:90,2
DA:91,2
DA:92,2
DA:93,2
DA:94,2
DA:95,2
DA:96,2
DA:97,2
DA:98,2
DA:99,1
DA:100,1
DA:101,5
DA:102,5
DA:103,5
DA:104,5
DA:105,5
DA:106,5
DA:107,5
DA:108,5
DA:109,5
DA:110,1
DA:111,1
DA:112,1
DA:113,1
DA:114,1
DA:115,1
DA:116,3
DA:117,3
DA:118,3
DA:119,3
DA:120,3
DA:121,3
DA:122,3
DA:123,3
LF:123
LH:123
BRDA:3,0,0,4
BRDA:50,1,0,2
BRDA:57,2,0,2
BRDA:64,3,0,2
BRDA:100,4,0,5
BRDA:115,5,0,3
BRF:6
BRH:6
end_of_record
TN:
SF:processor/accountProcessor.mjs
FN:2,_regeneratorRuntime
FN:3,processAccounts
FN:3,_processAccounts
FN:3,_callee
FN:3,_callee$
FNF:5
FNH:5
FNDA:2,_regeneratorRuntime
FNDA:4,processAccounts
FNDA:2,_processAccounts
FNDA:4,_callee
FNDA:11,_callee$
DA:1,1
DA:2,2
DA:3,1
DA:4,4
DA:5,4
DA:6,4
DA:7,4
DA:8,4
DA:9,4
DA:10,1
DA:11,3
DA:12,3
DA:13,3
DA:14,18
DA:15,6
DA:16,6
DA:17,18
DA:18,3
DA:19,3
DA:20,2
DA:21,2
DA:22,2
DA:23,2
DA:24,2
DA:25,2
DA:26,2
DA:27,4
DA:28,4
DA:29,2
DA:30,2
DA:31,2
DA:32,2
DA:33,2
DA:34,2
DA:35,1
DA:36,1
DA:37,1
DA:38,1
DA:39,1
DA:40,2
DA:41,2
DA:42,2
DA:43,2
DA:44,2
DA:45,2
LF:45
LH:45
BRDA:2,0,0,2
BRDA:3,1,0,4
BRDA:3,2,0,2
BRDA:3,3,0,4
BRDA:3,4,0,11
BRDA:3,5,0,16
BRDA:3,6,0,4
BRDA:7,7,0,0
BRDA:9,8,0,3
BRDA:9,9,0,1
BRDA:10,10,0,3
BRDA:13,11,0,18
BRDA:14,12,0,6
BRDA:14,13,0,6
BRDA:19,14,0,2
BRDA:19,15,0,1
BRDA:21,16,0,2
BRDA:23,17,0,0
BRDA:26,18,0,4
BRDA:34,19,0,1
BRDA:35,20,0,1
BRDA:37,21,0,1
BRDA:39,22,0,2
BRDA:42,23,0,2
BRDA:43,24,0,0
BRDA:43,25,0,4
BRDA:33,26,0,6
BRF:27
BRH:24
end_of_record
TN:
SF:processor/orderProcessor.mjs
FN:2,_regeneratorRuntime
FN:2,_regeneratorRuntime
FN:2,o
FN:2,define
FN:2,define
FN:2,wrap
FN:2,tryCatch
FN:2,Generator
FN:2,GeneratorFunction
FN:2,GeneratorFunctionPrototype
FN:2,defineIteratorMethods
FN:2,AsyncIterator
FN:2,makeInvokeMethod
FN:2,maybeInvokeDelegate
FN:2,pushTryEntry
FN:2,resetTryEntry
FN:2,Context
FN:2,values
FN:2,next
FN:2,e.isGeneratorFunction
FN:2,e.mark
FN:2,e.awrap
FN:2,e.async
FN:2,e.keys
FN:2,reset
FN:2,stop
FN:2,dispatchException
FN:2,handle
FN:2,abrupt
FN:2,complete
FN:2,finish
FN:2,_catch
FN:2,delegateYield
FN:2,_createForOfIteratorHelper
FN:2,F
FN:2,n
FN:2,e
FN:2,s
FN:2,n
FN:2,e
FN:2,f
FN:2,_unsupportedIterableToArray
FN:2,_arrayLikeToArray
FN:2,asyncGeneratorStep
FN:2,_asyncToGenerator
FN:2,_next
FN:2,_throw
FN:12,processOrders
FN:14,_processOrders
FN:14,_callee
FN:14,_callee$
FNF:51
FNH:28
FNDA:2,_regeneratorRuntime
FNDA:4,_regeneratorRuntime
FNDA:0,o
FNDA:26,define
FNDA:0,define
FNDA:4,wrap
FNDA:11,tryCatch
FNDA:0,Generator
FNDA:0,GeneratorFunction
FNDA:0,GeneratorFunctionPrototype
FNDA:4,defineIteratorMethods
FNDA:0,AsyncIterator
FNDA:4,makeInvokeMethod
FNDA:0,maybeInvokeDelegate
FNDA:0,pushTryEntry
FNDA:4,resetTryEntry
FNDA:4,Context
FNDA:2,values
FNDA:0,next
FNDA:0,e.isGeneratorFunction
FNDA:2,e.mark
FNDA:0,e.awrap
FNDA:0,e.async
FNDA:0,e.keys
FNDA:4,reset
FNDA:4,stop
FNDA:2,dispatchException
FNDA:1,handle
FNDA:6,abrupt
FNDA:6,complete
FNDA:0,finish
FNDA:0,_catch
FNDA:0,delegateYield
FNDA:3,_createForOfIteratorHelper
FNDA:0,F
FNDA:0,n
FNDA:0,e
FNDA:3,s
FNDA:15,n
FNDA:0,e
FNDA:3,f
FNDA:0,_unsupportedIterableToArray
FNDA:0,_arrayLikeToArray
FNDA:7,asyncGeneratorStep
FNDA:2,_asyncToGenerator
FNDA:7,_next
FNDA:0,_throw
FNDA:4,processOrders
FNDA:2,_processOrders
FNDA:4,_callee
FNDA:11,_callee$
DA:1,1
DA:2,0
DA:3,1
DA:4,1
DA:5,1
DA:6,1
DA:7,1
DA:8,1
DA:9,1
DA:10,1
DA:11,1
DA:12,4
DA:13,4
DA:14,1
DA:15,4
DA:16,4
DA:17,1
DA:18,3
DA:19,3
DA:20,0
DA:21,3
DA:22,3
DA:23,3
DA:24,3
DA:25,3
DA:26,12
DA:27,12
DA:28,12
DA:29,8
DA:30,8
DA:31,8
DA:32,8
DA:33,8
DA:34,8
DA:35,8
DA:36,8
DA:37,12
DA:38,4
DA:39,4
DA:40,12
DA:41,12
DA:42,3
DA:43,3
DA:44,3
DA:45,2
DA:46,2
LF:46
LH:44
BRDA:2,0,0,2
BRDA:2,1,0,0
BRDA:2,2,0,0
BRDA:2,3,0,0
BRDA:2,4,0,0
BRDA:2,5,0,0
BRDA:2,6,0,0
BRDA:2,7,0,4
BRDA:2,8,0,26
BRDA:2,9,0,4
BRDA:2,10,0,0
BRDA:2,11,0,11
BRDA:2,12,0,2
BRDA:2,13,0,4
BRDA:2,14,0,12
BRDA:2,15,0,7
BRDA:2,16,0,4
BRDA:2,17,0,7
BRDA:2,18,0,0
BRDA:2,19,0,0
BRDA:2,20,0,12
BRDA:2,21,0,0
BRDA:2,22,0,7
BRDA:2,23,0,5
BRDA:2,24,0,2
BRDA:2,25,0,0
BRDA:2,26,0,3
BRDA:2,27,0,11
BRDA:2,28,0,9
BRDA:2,29,0,3
BRDA:2,30,0,6
BRDA:2,31,0,3
BRDA:2,32,0,6
BRDA:2,33,0,2
BRDA:2,34,0,4
BRDA:2,35,0,4
BRDA:2,36,0,2
BRDA:2,37,0,0
BRDA:2,38,0,0
BRDA:2,39,0,0
BRDA:2,40,0,2
BRDA:2,41,0,0
BRDA:2,42,0,4
BRDA:2,43,0,0
BRDA:2,44,0,4
BRDA:2,45,0,1
BRDA:2,46,0,3
BRDA:2,47,0,2
BRDA:2,48,0,1
BRDA:2,49,0,0
BRDA:2,50,0,1
BRDA:2,51,0,0
BRDA:2,52,0,6
BRDA:2,53,0,0
BRDA:2,54,0,0
BRDA:2,55,0,0
BRDA:2,56,0,0
BRDA:2,57,0,0
BRDA:2,58,0,0
BRDA:2,59,0,0
BRDA:2,60,0,0
BRDA:2,61,0,0
BRDA:2,62,0,6
BRDA:2,63,0,0
BRDA:2,64,0,0
BRDA:2,65,0,0
BRDA:2,66,0,3
BRDA:2,67,0,0
BRDA:2,68,0,0
BRDA:2,69,0,3
BRDA:2,70,0,15
BRDA:2,71,0,3
BRDA:2,72,0,0
BRDA:2,73,0,0
BRDA:2,74,0,0
BRDA:2,75,0,7
BRDA:2,76,0,1
BRDA:2,77,0,6
BRDA:2,78,0,3
BRDA:2,79,0,3
BRDA:2,80,0,2
BRDA:2,81,0,4
BRDA:2,82,0,4
BRDA:2,83,0,7
BRDA:12,84,0,4
BRDA:14,85,0,2
BRDA:14,86,0,4
BRDA:14,87,0,11
BRDA:14,88,0,17
BRDA:14,89,0,4
BRDA:16,90,0,3
BRDA:16,91,0,1
BRDA:17,92,0,3
BRDA:19,93,0,0
BRDA:19,94,0,0
BRDA:20,95,0,3
BRDA:25,96,0,12
BRDA:28,97,0,8
BRDA:34,98,0,2
BRDA:37,99,0,4
BRDA:42,100,0,0
BRDA:43,101,0,3
BRDA:44,102,0,0
BRDA:44,103,0,4
BRF:104
BRH:65
end_of_record
TN:
SF:processor/rewardsProcessor.mjs
FN:2,_regeneratorRuntime
FN:3,processRewards
FN:3,_processRewards
FN:3,_callee
FN:3,_callee$
FNF:5
FNH:5
FNDA:2,_regeneratorRuntime
FNDA:3,processRewards
FNDA:2,_processRewards
FNDA:3,_callee
FNDA:27,_callee$
DA:1,1
DA:2,2
DA:3,1
DA:4,3
DA:5,3
DA:6,3
DA:7,3
DA:8,3
DA:9,3
DA:10,3
DA:11,3
DA:12,3
DA:13,3
DA:14,3
DA:15,3
DA:16,12
DA:17,12
DA:18,12
DA:19,12
DA:20,12
DA:21,12
DA:22,12
DA:23,12
DA:24,12
DA:25,15
DA:26,15
DA:27,15
DA:28,9
DA:29,9
DA:30,9
DA:31,9
DA:32,9
DA:33,9
DA:34,9
DA:35,9
DA:36,12
DA:37,12
DA:38,12
DA:39,12
DA:40,12
DA:41,15
DA:42,6
DA:43,15
DA:44,15
DA:45,15
DA:46,15
DA:47,15
DA:48,6
DA:49,6
DA:50,3
DA:51,3
DA:52,3
DA:53,3
DA:54,3
DA:55,3
DA:56,3
DA:57,3
DA:58,3
DA:59,3
DA:60,2
DA:61,2
LF:61
LH:61
BRDA:2,0,0,2
BRDA:3,1,0,3
BRDA:3,2,0,2
BRDA:3,3,0,3
BRDA:3,4,0,27
BRDA:3,5,0,81
BRDA:3,6,0,3
BRDA:10,7,0,0
BRDA:13,8,0,3
BRDA:15,9,0,15
BRDA:15,10,0,3
BRDA:15,11,0,12
BRDA:25,12,0,0
BRDA:25,13,0,0
BRDA:27,14,0,9
BRDA:27,15,0,3
BRDA:27,16,0,9
BRDA:35,17,0,15
BRDA:35,18,0,3
BRDA:35,19,0,12
BRDA:41,20,0,6
BRDA:41,21,0,6
BRDA:43,22,0,0
BRDA:47,23,0,6
BRDA:50,24,0,3
BRDA:56,25,0,3
BRDA:59,26,0,0
BRDA:59,27,0,3
BRDA:10,28,0,21
BRF:29
BRH:24
end_of_record
